<?xml version="1.0" encoding="UTF-8"?>
<testsuites name="TestSuiteArchivoCsv" time="50.821" tests="3" failures="0" errors="0">
   <testsuite name="TestSuiteArchivoCsv" tests="3" failures="0" errors="0" time="50.821" skipped="0" timestamp="2023-05-29 12:33:57" hostname="admin - NTK0999" id="Test Suites/TestSuiteArchivoCsv">
      <properties>
         <property name="deviceName" value=""/>
         <property name="devicePlatform" value=""/>
         <property name="logFolder" value="C:\\Users\\admin\\git\\DemoPresentacion\\Reports\\20230529_123353\\TestSuiteArchivoCsv\\20230529_123353"/>
         <property name="logFiles" value="C:\\Users\\admin\\git\\DemoPresentacion\\Reports\\20230529_123353\\TestSuiteArchivoCsv\\20230529_123353\\execution0.log"/>
         <property name="attachments" value=""/>
         <property name="hostName" value="admin - NTK0999"/>
         <property name="os" value="Windows 10 64bit"/>
         <property name="katalonVersion" value="8.6.0.208"/>
         <property name="browser" value="Chrome 113.0.0.0"/>
         <property name="hostAddress" value="192.168.29.62"/>
         <property name="sessionId" value="aae549533a623160bd904d4236777c28"/>
         <property name="seleniumVersion" value="3.141.59"/>
         <property name="proxyInformation" value="ProxyInformation { proxyOption=NO_PROXY, proxyServerType=HTTP, username=, password=********, proxyServerAddress=, proxyServerPort=0, executionList=&quot;&quot;, isApplyToDesiredCapabilities=true }"/>
         <property name="platform" value="Windows 10"/>
      </properties>
      <testcase name="Test Cases/CasoWebConArchivoCsv" time="20.023" classname="Test Cases/CasoWebConArchivoCsv" status="PASSED">
         <system-out><![CDATA[2023-05-29 12:33:57 - [TEST_CASE][PASSED] - Test Cases/CasoWebConArchivoCsv: Test Cases/CasoWebConArchivoCsv

2023-05-29 12:33:58 - [TEST_STEP][PASSED] - openBrowser(""): Browser is opened with url: ''

2023-05-29 12:33:59 - [MESSAGE][INFO] - Starting 'Chrome' driver

2023-05-29 12:33:59 - [MESSAGE][INFO] - Action delay is set to 0 milliseconds

2023-05-29 12:34:03 - [MESSAGE][PASSED] - Browser is opened with url: ''

2023-05-29 12:34:03 - [TEST_STEP][PASSED] - navigateToUrl("https://demoqa.com/"): Navigate to 'https://demoqa.com/' successfully

2023-05-29 12:34:09 - [MESSAGE][PASSED] - Navigate to 'https://demoqa.com/' successfully

2023-05-29 12:34:09 - [TEST_STEP][PASSED] - maximizeWindow(): Current window maximized

2023-05-29 12:34:09 - [MESSAGE][PASSED] - Current window maximized

2023-05-29 12:34:09 - [TEST_STEP][PASSED] - waitForPageLoad(30): Wait for page load successfully

2023-05-29 12:34:10 - [MESSAGE][PASSED] - Wait for page load successfully

2023-05-29 12:34:10 - [TEST_STEP][PASSED] - click(findTestObject("Object Repository/Page_DEMOQA/div_Elements")): Object: 'Object Repository/Page_DEMOQA/div_Elements' is clicked on

2023-05-29 12:34:10 - [MESSAGE][PASSED] - Object: 'Object Repository/Page_DEMOQA/div_Elements' is clicked on

2023-05-29 12:34:10 - [TEST_STEP][PASSED] - click(findTestObject("Object Repository/Page_DEMOQA/li_Text Box")): Object: 'Object Repository/Page_DEMOQA/li_Text Box' is clicked on

2023-05-29 12:34:12 - [MESSAGE][PASSED] - Object: 'Object Repository/Page_DEMOQA/li_Text Box' is clicked on

2023-05-29 12:34:12 - [TEST_STEP][PASSED] - setText(findTestObject("Object Repository/Page_DEMOQA/input_Full Name_userName"), fullName): Text 'Juan Cruz Mouhape' is set on object 'Object Repository/Page_DEMOQA/input_Full Name_userName'

2023-05-29 12:34:13 - [MESSAGE][PASSED] - Text 'Juan Cruz Mouhape' is set on object 'Object Repository/Page_DEMOQA/input_Full Name_userName'

2023-05-29 12:34:13 - [TEST_STEP][PASSED] - setText(findTestObject("Object Repository/Page_DEMOQA/input_Email_userEmail"), email): Text 'pruebademo@gmail.com' is set on object 'Object Repository/Page_DEMOQA/input_Email_userEmail'

2023-05-29 12:34:14 - [MESSAGE][PASSED] - Text 'pruebademo@gmail.com' is set on object 'Object Repository/Page_DEMOQA/input_Email_userEmail'

2023-05-29 12:34:14 - [TEST_STEP][PASSED] - setText(findTestObject("Object Repository/Page_DEMOQA/textarea_Current Address_currentAddress"), currentAddress): Text 'Pasaje San Luis 252' is set on object 'Object Repository/Page_DEMOQA/textarea_Current Address_currentAddress'

2023-05-29 12:34:15 - [MESSAGE][PASSED] - Text 'Pasaje San Luis 252' is set on object 'Object Repository/Page_DEMOQA/textarea_Current Address_currentAddress'

2023-05-29 12:34:15 - [TEST_STEP][PASSED] - setText(findTestObject("Object Repository/Page_DEMOQA/textarea_Permanent Address_permanentAddress"), permanentAddress): Text 'Pasaje San Luis 252' is set on object 'Object Repository/Page_DEMOQA/textarea_Permanent Address_permanentAddress'

2023-05-29 12:34:16 - [MESSAGE][PASSED] - Text 'Pasaje San Luis 252' is set on object 'Object Repository/Page_DEMOQA/textarea_Permanent Address_permanentAddress'

2023-05-29 12:34:16 - [TEST_STEP][PASSED] - scrollToElement(findTestObject("Page_DEMOQA/button_Submit"), 4): Scroll to object 'Object Repository/Page_DEMOQA/button_Submit' successfully

2023-05-29 12:34:16 - [MESSAGE][PASSED] - Scroll to object 'Object Repository/Page_DEMOQA/button_Submit' successfully

2023-05-29 12:34:16 - [TEST_STEP][PASSED] - click(findTestObject("Object Repository/Page_DEMOQA/button_Submit")): Object: 'Object Repository/Page_DEMOQA/button_Submit' is clicked on

2023-05-29 12:34:17 - [MESSAGE][PASSED] - Object: 'Object Repository/Page_DEMOQA/button_Submit' is clicked on

2023-05-29 12:34:17 - [TEST_STEP][PASSED] - closeBrowser(): Browser is closed

2023-05-29 12:34:17 - [MESSAGE][PASSED] - Browser is closed]]></system-out>
         <system-err><![CDATA[]]></system-err>
      </testcase>
      <testcase name="Test Cases/CasoWebConArchivoCsv" time="14.836" classname="Test Cases/CasoWebConArchivoCsv" status="PASSED">
         <system-out><![CDATA[2023-05-29 12:34:18 - [TEST_CASE][PASSED] - Test Cases/CasoWebConArchivoCsv: Test Cases/CasoWebConArchivoCsv

2023-05-29 12:34:18 - [TEST_STEP][PASSED] - openBrowser(""): Browser is opened with url: ''

2023-05-29 12:34:18 - [MESSAGE][INFO] - Starting 'Chrome' driver

2023-05-29 12:34:18 - [MESSAGE][INFO] - Action delay is set to 0 milliseconds

2023-05-29 12:34:20 - [MESSAGE][PASSED] - Browser is opened with url: ''

2023-05-29 12:34:20 - [TEST_STEP][PASSED] - navigateToUrl("https://demoqa.com/"): Navigate to 'https://demoqa.com/' successfully

2023-05-29 12:34:24 - [MESSAGE][PASSED] - Navigate to 'https://demoqa.com/' successfully

2023-05-29 12:34:24 - [TEST_STEP][PASSED] - maximizeWindow(): Current window maximized

2023-05-29 12:34:25 - [MESSAGE][PASSED] - Current window maximized

2023-05-29 12:34:25 - [TEST_STEP][PASSED] - waitForPageLoad(30): Wait for page load successfully

2023-05-29 12:34:25 - [MESSAGE][PASSED] - Wait for page load successfully

2023-05-29 12:34:25 - [TEST_STEP][PASSED] - click(findTestObject("Object Repository/Page_DEMOQA/div_Elements")): Object: 'Object Repository/Page_DEMOQA/div_Elements' is clicked on

2023-05-29 12:34:25 - [MESSAGE][PASSED] - Object: 'Object Repository/Page_DEMOQA/div_Elements' is clicked on

2023-05-29 12:34:25 - [TEST_STEP][PASSED] - click(findTestObject("Object Repository/Page_DEMOQA/li_Text Box")): Object: 'Object Repository/Page_DEMOQA/li_Text Box' is clicked on

2023-05-29 12:34:27 - [MESSAGE][PASSED] - Object: 'Object Repository/Page_DEMOQA/li_Text Box' is clicked on

2023-05-29 12:34:27 - [TEST_STEP][PASSED] - setText(findTestObject("Object Repository/Page_DEMOQA/input_Full Name_userName"), fullName): Text 'Juan Rodriguez' is set on object 'Object Repository/Page_DEMOQA/input_Full Name_userName'

2023-05-29 12:34:28 - [MESSAGE][PASSED] - Text 'Juan Rodriguez' is set on object 'Object Repository/Page_DEMOQA/input_Full Name_userName'

2023-05-29 12:34:28 - [TEST_STEP][PASSED] - setText(findTestObject("Object Repository/Page_DEMOQA/input_Email_userEmail"), email): Text 'pruebademo2@gmail.com' is set on object 'Object Repository/Page_DEMOQA/input_Email_userEmail'

2023-05-29 12:34:29 - [MESSAGE][PASSED] - Text 'pruebademo2@gmail.com' is set on object 'Object Repository/Page_DEMOQA/input_Email_userEmail'

2023-05-29 12:34:29 - [TEST_STEP][PASSED] - setText(findTestObject("Object Repository/Page_DEMOQA/textarea_Current Address_currentAddress"), currentAddress): Text 'San Lorenzo 252' is set on object 'Object Repository/Page_DEMOQA/textarea_Current Address_currentAddress'

2023-05-29 12:34:30 - [MESSAGE][PASSED] - Text 'San Lorenzo 252' is set on object 'Object Repository/Page_DEMOQA/textarea_Current Address_currentAddress'

2023-05-29 12:34:30 - [TEST_STEP][PASSED] - setText(findTestObject("Object Repository/Page_DEMOQA/textarea_Permanent Address_permanentAddress"), permanentAddress): Text 'San Lorenzo 252' is set on object 'Object Repository/Page_DEMOQA/textarea_Permanent Address_permanentAddress'

2023-05-29 12:34:31 - [MESSAGE][PASSED] - Text 'San Lorenzo 252' is set on object 'Object Repository/Page_DEMOQA/textarea_Permanent Address_permanentAddress'

2023-05-29 12:34:31 - [TEST_STEP][PASSED] - scrollToElement(findTestObject("Page_DEMOQA/button_Submit"), 4): Scroll to object 'Object Repository/Page_DEMOQA/button_Submit' successfully

2023-05-29 12:34:31 - [MESSAGE][PASSED] - Scroll to object 'Object Repository/Page_DEMOQA/button_Submit' successfully

2023-05-29 12:34:31 - [TEST_STEP][PASSED] - click(findTestObject("Object Repository/Page_DEMOQA/button_Submit")): Object: 'Object Repository/Page_DEMOQA/button_Submit' is clicked on

2023-05-29 12:34:32 - [MESSAGE][PASSED] - Object: 'Object Repository/Page_DEMOQA/button_Submit' is clicked on

2023-05-29 12:34:32 - [TEST_STEP][PASSED] - closeBrowser(): Browser is closed

2023-05-29 12:34:32 - [MESSAGE][PASSED] - Browser is closed]]></system-out>
         <system-err><![CDATA[]]></system-err>
      </testcase>
      <testcase name="Test Cases/CasoWebConArchivoCsv" time="15.04" classname="Test Cases/CasoWebConArchivoCsv" status="PASSED">
         <system-out><![CDATA[2023-05-29 12:34:33 - [TEST_CASE][PASSED] - Test Cases/CasoWebConArchivoCsv: Test Cases/CasoWebConArchivoCsv

2023-05-29 12:34:33 - [TEST_STEP][PASSED] - openBrowser(""): Browser is opened with url: ''

2023-05-29 12:34:33 - [MESSAGE][INFO] - Starting 'Chrome' driver

2023-05-29 12:34:33 - [MESSAGE][INFO] - Action delay is set to 0 milliseconds

2023-05-29 12:34:35 - [MESSAGE][PASSED] - Browser is opened with url: ''

2023-05-29 12:34:35 - [TEST_STEP][PASSED] - navigateToUrl("https://demoqa.com/"): Navigate to 'https://demoqa.com/' successfully

2023-05-29 12:34:40 - [MESSAGE][PASSED] - Navigate to 'https://demoqa.com/' successfully

2023-05-29 12:34:40 - [TEST_STEP][PASSED] - maximizeWindow(): Current window maximized

2023-05-29 12:34:40 - [MESSAGE][PASSED] - Current window maximized

2023-05-29 12:34:40 - [TEST_STEP][PASSED] - waitForPageLoad(30): Wait for page load successfully

2023-05-29 12:34:40 - [MESSAGE][PASSED] - Wait for page load successfully

2023-05-29 12:34:40 - [TEST_STEP][PASSED] - click(findTestObject("Object Repository/Page_DEMOQA/div_Elements")): Object: 'Object Repository/Page_DEMOQA/div_Elements' is clicked on

2023-05-29 12:34:41 - [MESSAGE][PASSED] - Object: 'Object Repository/Page_DEMOQA/div_Elements' is clicked on

2023-05-29 12:34:41 - [TEST_STEP][PASSED] - click(findTestObject("Object Repository/Page_DEMOQA/li_Text Box")): Object: 'Object Repository/Page_DEMOQA/li_Text Box' is clicked on

2023-05-29 12:34:42 - [MESSAGE][PASSED] - Object: 'Object Repository/Page_DEMOQA/li_Text Box' is clicked on

2023-05-29 12:34:42 - [TEST_STEP][PASSED] - setText(findTestObject("Object Repository/Page_DEMOQA/input_Full Name_userName"), fullName): Text 'Fabio Escudero' is set on object 'Object Repository/Page_DEMOQA/input_Full Name_userName'

2023-05-29 12:34:43 - [MESSAGE][PASSED] - Text 'Fabio Escudero' is set on object 'Object Repository/Page_DEMOQA/input_Full Name_userName'

2023-05-29 12:34:43 - [TEST_STEP][PASSED] - setText(findTestObject("Object Repository/Page_DEMOQA/input_Email_userEmail"), email): Text 'pruebademo3@gmail.com' is set on object 'Object Repository/Page_DEMOQA/input_Email_userEmail'

2023-05-29 12:34:44 - [MESSAGE][PASSED] - Text 'pruebademo3@gmail.com' is set on object 'Object Repository/Page_DEMOQA/input_Email_userEmail'

2023-05-29 12:34:44 - [TEST_STEP][PASSED] - setText(findTestObject("Object Repository/Page_DEMOQA/textarea_Current Address_currentAddress"), currentAddress): Text 'Alvear 30' is set on object 'Object Repository/Page_DEMOQA/textarea_Current Address_currentAddress'

2023-05-29 12:34:45 - [MESSAGE][PASSED] - Text 'Alvear 30' is set on object 'Object Repository/Page_DEMOQA/textarea_Current Address_currentAddress'

2023-05-29 12:34:45 - [TEST_STEP][PASSED] - setText(findTestObject("Object Repository/Page_DEMOQA/textarea_Permanent Address_permanentAddress"), permanentAddress): Text 'Alvear 30' is set on object 'Object Repository/Page_DEMOQA/textarea_Permanent Address_permanentAddress'

2023-05-29 12:34:46 - [MESSAGE][PASSED] - Text 'Alvear 30' is set on object 'Object Repository/Page_DEMOQA/textarea_Permanent Address_permanentAddress'

2023-05-29 12:34:46 - [TEST_STEP][PASSED] - scrollToElement(findTestObject("Page_DEMOQA/button_Submit"), 4): Scroll to object 'Object Repository/Page_DEMOQA/button_Submit' successfully

2023-05-29 12:34:46 - [MESSAGE][PASSED] - Scroll to object 'Object Repository/Page_DEMOQA/button_Submit' successfully

2023-05-29 12:34:46 - [TEST_STEP][PASSED] - click(findTestObject("Object Repository/Page_DEMOQA/button_Submit")): Object: 'Object Repository/Page_DEMOQA/button_Submit' is clicked on

2023-05-29 12:34:47 - [MESSAGE][PASSED] - Object: 'Object Repository/Page_DEMOQA/button_Submit' is clicked on

2023-05-29 12:34:47 - [TEST_STEP][PASSED] - closeBrowser(): Browser is closed

2023-05-29 12:34:48 - [MESSAGE][PASSED] - Browser is closed]]></system-out>
         <system-err><![CDATA[]]></system-err>
      </testcase>
      <system-out><![CDATA[2023-05-29 12:33:57 - [TEST_SUITE][PASSED] - TestSuiteArchivoCsv: Test Cases/CasoWebConArchivoCsv]]></system-out>
      <system-err><![CDATA[]]></system-err>
   </testsuite>
</testsuites>
