<?xml version="1.0" encoding="UTF-8"?>
<testsuites name="TestSuiteArchivoCsv" time="46.017" tests="3" failures="0" errors="0">
   <testsuite name="TestSuiteArchivoCsv" tests="3" failures="0" errors="0" time="46.017" skipped="0" timestamp="2023-05-29 15:15:05" hostname="admin - NTK0999" id="Test Suites/TestSuiteArchivoCsv">
      <properties>
         <property name="deviceName" value=""/>
         <property name="devicePlatform" value=""/>
         <property name="logFolder" value="C:\\Users\\admin\\git\\DemoPresentacion\\Reports\\20230529_151500\\TestSuiteArchivoCsv\\20230529_151500"/>
         <property name="logFiles" value="C:\\Users\\admin\\git\\DemoPresentacion\\Reports\\20230529_151500\\TestSuiteArchivoCsv\\20230529_151500\\execution0.log"/>
         <property name="attachments" value=""/>
         <property name="hostName" value="admin - NTK0999"/>
         <property name="os" value="Windows 10 64bit"/>
         <property name="katalonVersion" value="8.6.0.208"/>
         <property name="browser" value="Chrome 113.0.0.0"/>
         <property name="hostAddress" value="192.168.29.62"/>
         <property name="sessionId" value="528b129c22957455eedb39cb692942f5"/>
         <property name="seleniumVersion" value="3.141.59"/>
         <property name="proxyInformation" value="ProxyInformation { proxyOption=NO_PROXY, proxyServerType=HTTP, username=, password=********, proxyServerAddress=, proxyServerPort=0, executionList=&quot;&quot;, isApplyToDesiredCapabilities=true }"/>
         <property name="platform" value="Windows 10"/>
      </properties>
      <testcase name="Test Cases/CasoWebConArchivoCsvExcel" time="16.593" classname="Test Cases/CasoWebConArchivoCsvExcel" status="PASSED">
         <system-out><![CDATA[2023-05-29 15:15:06 - [TEST_CASE][PASSED] - Test Cases/CasoWebConArchivoCsvExcel: Test Cases/CasoWebConArchivoCsvExcel

2023-05-29 15:15:07 - [TEST_STEP][PASSED] - openBrowser(""): Browser is opened with url: ''

2023-05-29 15:15:07 - [MESSAGE][INFO] - Starting 'Chrome' driver

2023-05-29 15:15:07 - [MESSAGE][INFO] - Action delay is set to 0 milliseconds

2023-05-29 15:15:10 - [MESSAGE][PASSED] - Browser is opened with url: ''

2023-05-29 15:15:10 - [TEST_STEP][PASSED] - navigateToUrl("https://demoqa.com/"): Navigate to 'https://demoqa.com/' successfully

2023-05-29 15:15:15 - [MESSAGE][PASSED] - Navigate to 'https://demoqa.com/' successfully

2023-05-29 15:15:15 - [TEST_STEP][PASSED] - maximizeWindow(): Current window maximized

2023-05-29 15:15:15 - [MESSAGE][PASSED] - Current window maximized

2023-05-29 15:15:15 - [TEST_STEP][PASSED] - waitForPageLoad(30): Wait for page load successfully

2023-05-29 15:15:15 - [MESSAGE][PASSED] - Wait for page load successfully

2023-05-29 15:15:15 - [TEST_STEP][PASSED] - click(findTestObject("Object Repository/Page_DEMOQA/div_Elements")): Object: 'Object Repository/Page_DEMOQA/div_Elements' is clicked on

2023-05-29 15:15:16 - [MESSAGE][PASSED] - Object: 'Object Repository/Page_DEMOQA/div_Elements' is clicked on

2023-05-29 15:15:16 - [TEST_STEP][PASSED] - click(findTestObject("Object Repository/Page_DEMOQA/li_Text Box")): Object: 'Object Repository/Page_DEMOQA/li_Text Box' is clicked on

2023-05-29 15:15:17 - [MESSAGE][PASSED] - Object: 'Object Repository/Page_DEMOQA/li_Text Box' is clicked on

2023-05-29 15:15:17 - [TEST_STEP][PASSED] - setText(findTestObject("Object Repository/Page_DEMOQA/input_Full Name_userName"), fullName): Text 'Juan Cruz Mouhape' is set on object 'Object Repository/Page_DEMOQA/input_Full Name_userName'

2023-05-29 15:15:19 - [MESSAGE][PASSED] - Text 'Juan Cruz Mouhape' is set on object 'Object Repository/Page_DEMOQA/input_Full Name_userName'

2023-05-29 15:15:19 - [TEST_STEP][PASSED] - setText(findTestObject("Object Repository/Page_DEMOQA/input_Email_userEmail"), email): Text 'pruebademo@gmail.com' is set on object 'Object Repository/Page_DEMOQA/input_Email_userEmail'

2023-05-29 15:15:19 - [MESSAGE][PASSED] - Text 'pruebademo@gmail.com' is set on object 'Object Repository/Page_DEMOQA/input_Email_userEmail'

2023-05-29 15:15:19 - [TEST_STEP][PASSED] - setText(findTestObject("Object Repository/Page_DEMOQA/textarea_Current Address_currentAddress"), currentAddress): Text 'Pasaje San Luis 252' is set on object 'Object Repository/Page_DEMOQA/textarea_Current Address_currentAddress'

2023-05-29 15:15:20 - [MESSAGE][PASSED] - Text 'Pasaje San Luis 252' is set on object 'Object Repository/Page_DEMOQA/textarea_Current Address_currentAddress'

2023-05-29 15:15:20 - [TEST_STEP][PASSED] - setText(findTestObject("Object Repository/Page_DEMOQA/textarea_Permanent Address_permanentAddress"), permanentAddress): Text 'Pasaje San Luis 252' is set on object 'Object Repository/Page_DEMOQA/textarea_Permanent Address_permanentAddress'

2023-05-29 15:15:21 - [MESSAGE][PASSED] - Text 'Pasaje San Luis 252' is set on object 'Object Repository/Page_DEMOQA/textarea_Permanent Address_permanentAddress'

2023-05-29 15:15:21 - [TEST_STEP][PASSED] - scrollToElement(findTestObject("Page_DEMOQA/button_Submit"), 4): Scroll to object 'Object Repository/Page_DEMOQA/button_Submit' successfully

2023-05-29 15:15:21 - [MESSAGE][PASSED] - Scroll to object 'Object Repository/Page_DEMOQA/button_Submit' successfully

2023-05-29 15:15:21 - [TEST_STEP][PASSED] - click(findTestObject("Object Repository/Page_DEMOQA/button_Submit")): Object: 'Object Repository/Page_DEMOQA/button_Submit' is clicked on

2023-05-29 15:15:22 - [MESSAGE][PASSED] - Object: 'Object Repository/Page_DEMOQA/button_Submit' is clicked on

2023-05-29 15:15:22 - [TEST_STEP][PASSED] - closeBrowser(): Browser is closed

2023-05-29 15:15:22 - [MESSAGE][PASSED] - Browser is closed]]></system-out>
         <system-err><![CDATA[]]></system-err>
      </testcase>
      <testcase name="Test Cases/CasoWebConArchivoCsvExcel" time="14.989" classname="Test Cases/CasoWebConArchivoCsvExcel" status="PASSED">
         <system-out><![CDATA[2023-05-29 15:15:23 - [TEST_CASE][PASSED] - Test Cases/CasoWebConArchivoCsvExcel: Test Cases/CasoWebConArchivoCsvExcel

2023-05-29 15:15:23 - [TEST_STEP][PASSED] - openBrowser(""): Browser is opened with url: ''

2023-05-29 15:15:23 - [MESSAGE][INFO] - Starting 'Chrome' driver

2023-05-29 15:15:23 - [MESSAGE][INFO] - Action delay is set to 0 milliseconds

2023-05-29 15:15:24 - [MESSAGE][PASSED] - Browser is opened with url: ''

2023-05-29 15:15:24 - [TEST_STEP][PASSED] - navigateToUrl("https://demoqa.com/"): Navigate to 'https://demoqa.com/' successfully

2023-05-29 15:15:30 - [MESSAGE][PASSED] - Navigate to 'https://demoqa.com/' successfully

2023-05-29 15:15:30 - [TEST_STEP][PASSED] - maximizeWindow(): Current window maximized

2023-05-29 15:15:30 - [MESSAGE][PASSED] - Current window maximized

2023-05-29 15:15:30 - [TEST_STEP][PASSED] - waitForPageLoad(30): Wait for page load successfully

2023-05-29 15:15:30 - [MESSAGE][PASSED] - Wait for page load successfully

2023-05-29 15:15:30 - [TEST_STEP][PASSED] - click(findTestObject("Object Repository/Page_DEMOQA/div_Elements")): Object: 'Object Repository/Page_DEMOQA/div_Elements' is clicked on

2023-05-29 15:15:31 - [MESSAGE][PASSED] - Object: 'Object Repository/Page_DEMOQA/div_Elements' is clicked on

2023-05-29 15:15:31 - [TEST_STEP][PASSED] - click(findTestObject("Object Repository/Page_DEMOQA/li_Text Box")): Object: 'Object Repository/Page_DEMOQA/li_Text Box' is clicked on

2023-05-29 15:15:32 - [MESSAGE][PASSED] - Object: 'Object Repository/Page_DEMOQA/li_Text Box' is clicked on

2023-05-29 15:15:32 - [TEST_STEP][PASSED] - setText(findTestObject("Object Repository/Page_DEMOQA/input_Full Name_userName"), fullName): Text 'Juan Rodriguez' is set on object 'Object Repository/Page_DEMOQA/input_Full Name_userName'

2023-05-29 15:15:34 - [MESSAGE][PASSED] - Text 'Juan Rodriguez' is set on object 'Object Repository/Page_DEMOQA/input_Full Name_userName'

2023-05-29 15:15:34 - [TEST_STEP][PASSED] - setText(findTestObject("Object Repository/Page_DEMOQA/input_Email_userEmail"), email): Text 'pruebademo2@gmail.com' is set on object 'Object Repository/Page_DEMOQA/input_Email_userEmail'

2023-05-29 15:15:34 - [MESSAGE][PASSED] - Text 'pruebademo2@gmail.com' is set on object 'Object Repository/Page_DEMOQA/input_Email_userEmail'

2023-05-29 15:15:34 - [TEST_STEP][PASSED] - setText(findTestObject("Object Repository/Page_DEMOQA/textarea_Current Address_currentAddress"), currentAddress): Text 'San Lorenzo 252' is set on object 'Object Repository/Page_DEMOQA/textarea_Current Address_currentAddress'

2023-05-29 15:15:35 - [MESSAGE][PASSED] - Text 'San Lorenzo 252' is set on object 'Object Repository/Page_DEMOQA/textarea_Current Address_currentAddress'

2023-05-29 15:15:35 - [TEST_STEP][PASSED] - setText(findTestObject("Object Repository/Page_DEMOQA/textarea_Permanent Address_permanentAddress"), permanentAddress): Text 'San Lorenzo 252' is set on object 'Object Repository/Page_DEMOQA/textarea_Permanent Address_permanentAddress'

2023-05-29 15:15:36 - [MESSAGE][PASSED] - Text 'San Lorenzo 252' is set on object 'Object Repository/Page_DEMOQA/textarea_Permanent Address_permanentAddress'

2023-05-29 15:15:36 - [TEST_STEP][PASSED] - scrollToElement(findTestObject("Page_DEMOQA/button_Submit"), 4): Scroll to object 'Object Repository/Page_DEMOQA/button_Submit' successfully

2023-05-29 15:15:36 - [MESSAGE][PASSED] - Scroll to object 'Object Repository/Page_DEMOQA/button_Submit' successfully

2023-05-29 15:15:36 - [TEST_STEP][PASSED] - click(findTestObject("Object Repository/Page_DEMOQA/button_Submit")): Object: 'Object Repository/Page_DEMOQA/button_Submit' is clicked on

2023-05-29 15:15:37 - [MESSAGE][PASSED] - Object: 'Object Repository/Page_DEMOQA/button_Submit' is clicked on

2023-05-29 15:15:37 - [TEST_STEP][PASSED] - closeBrowser(): Browser is closed

2023-05-29 15:15:38 - [MESSAGE][PASSED] - Browser is closed]]></system-out>
         <system-err><![CDATA[]]></system-err>
      </testcase>
      <testcase name="Test Cases/CasoWebConArchivoCsvExcel" time="13.581" classname="Test Cases/CasoWebConArchivoCsvExcel" status="PASSED">
         <system-out><![CDATA[2023-05-29 15:15:38 - [TEST_CASE][PASSED] - Test Cases/CasoWebConArchivoCsvExcel: Test Cases/CasoWebConArchivoCsvExcel

2023-05-29 15:15:38 - [TEST_STEP][PASSED] - openBrowser(""): Browser is opened with url: ''

2023-05-29 15:15:38 - [MESSAGE][INFO] - Starting 'Chrome' driver

2023-05-29 15:15:38 - [MESSAGE][INFO] - Action delay is set to 0 milliseconds

2023-05-29 15:15:39 - [MESSAGE][PASSED] - Browser is opened with url: ''

2023-05-29 15:15:39 - [TEST_STEP][PASSED] - navigateToUrl("https://demoqa.com/"): Navigate to 'https://demoqa.com/' successfully

2023-05-29 15:15:44 - [MESSAGE][PASSED] - Navigate to 'https://demoqa.com/' successfully

2023-05-29 15:15:44 - [TEST_STEP][PASSED] - maximizeWindow(): Current window maximized

2023-05-29 15:15:44 - [MESSAGE][PASSED] - Current window maximized

2023-05-29 15:15:44 - [TEST_STEP][PASSED] - waitForPageLoad(30): Wait for page load successfully

2023-05-29 15:15:44 - [MESSAGE][PASSED] - Wait for page load successfully

2023-05-29 15:15:44 - [TEST_STEP][PASSED] - click(findTestObject("Object Repository/Page_DEMOQA/div_Elements")): Object: 'Object Repository/Page_DEMOQA/div_Elements' is clicked on

2023-05-29 15:15:45 - [MESSAGE][PASSED] - Object: 'Object Repository/Page_DEMOQA/div_Elements' is clicked on

2023-05-29 15:15:45 - [TEST_STEP][PASSED] - click(findTestObject("Object Repository/Page_DEMOQA/li_Text Box")): Object: 'Object Repository/Page_DEMOQA/li_Text Box' is clicked on

2023-05-29 15:15:46 - [MESSAGE][PASSED] - Object: 'Object Repository/Page_DEMOQA/li_Text Box' is clicked on

2023-05-29 15:15:46 - [TEST_STEP][PASSED] - setText(findTestObject("Object Repository/Page_DEMOQA/input_Full Name_userName"), fullName): Text 'Fabio Escudero' is set on object 'Object Repository/Page_DEMOQA/input_Full Name_userName'

2023-05-29 15:15:47 - [MESSAGE][PASSED] - Text 'Fabio Escudero' is set on object 'Object Repository/Page_DEMOQA/input_Full Name_userName'

2023-05-29 15:15:47 - [TEST_STEP][PASSED] - setText(findTestObject("Object Repository/Page_DEMOQA/input_Email_userEmail"), email): Text 'pruebademo3@gmail.com' is set on object 'Object Repository/Page_DEMOQA/input_Email_userEmail'

2023-05-29 15:15:48 - [MESSAGE][PASSED] - Text 'pruebademo3@gmail.com' is set on object 'Object Repository/Page_DEMOQA/input_Email_userEmail'

2023-05-29 15:15:48 - [TEST_STEP][PASSED] - setText(findTestObject("Object Repository/Page_DEMOQA/textarea_Current Address_currentAddress"), currentAddress): Text 'Alvear 30' is set on object 'Object Repository/Page_DEMOQA/textarea_Current Address_currentAddress'

2023-05-29 15:15:49 - [MESSAGE][PASSED] - Text 'Alvear 30' is set on object 'Object Repository/Page_DEMOQA/textarea_Current Address_currentAddress'

2023-05-29 15:15:49 - [TEST_STEP][PASSED] - setText(findTestObject("Object Repository/Page_DEMOQA/textarea_Permanent Address_permanentAddress"), permanentAddress): Text 'Alvear 30' is set on object 'Object Repository/Page_DEMOQA/textarea_Permanent Address_permanentAddress'

2023-05-29 15:15:50 - [MESSAGE][PASSED] - Text 'Alvear 30' is set on object 'Object Repository/Page_DEMOQA/textarea_Permanent Address_permanentAddress'

2023-05-29 15:15:50 - [TEST_STEP][PASSED] - scrollToElement(findTestObject("Page_DEMOQA/button_Submit"), 4): Scroll to object 'Object Repository/Page_DEMOQA/button_Submit' successfully

2023-05-29 15:15:50 - [MESSAGE][PASSED] - Scroll to object 'Object Repository/Page_DEMOQA/button_Submit' successfully

2023-05-29 15:15:50 - [TEST_STEP][PASSED] - click(findTestObject("Object Repository/Page_DEMOQA/button_Submit")): Object: 'Object Repository/Page_DEMOQA/button_Submit' is clicked on

2023-05-29 15:15:50 - [MESSAGE][PASSED] - Object: 'Object Repository/Page_DEMOQA/button_Submit' is clicked on

2023-05-29 15:15:50 - [TEST_STEP][PASSED] - closeBrowser(): Browser is closed

2023-05-29 15:15:51 - [MESSAGE][PASSED] - Browser is closed]]></system-out>
         <system-err><![CDATA[]]></system-err>
      </testcase>
      <system-out><![CDATA[2023-05-29 15:15:05 - [TEST_SUITE][PASSED] - TestSuiteArchivoCsv: Test Cases/CasoWebConArchivoCsvExcel]]></system-out>
      <system-err><![CDATA[]]></system-err>
   </testsuite>
</testsuites>
