<?xml version="1.0" encoding="UTF-8"?>
<testsuites name="TestSuiteArchivoExcel" time="74.481" tests="3" failures="0" errors="0">
   <testsuite name="TestSuiteArchivoExcel" tests="3" failures="0" errors="0" time="74.481" skipped="0" timestamp="2023-05-30 17:03:29" hostname="admin - 192.168.0.8" id="Test Suites/TestSuiteArchivoExcel">
      <properties>
         <property name="deviceName" value=""/>
         <property name="devicePlatform" value=""/>
         <property name="logFolder" value="C:\\Users\\admin\\git\\DemoPresentacion\\Reports\\20230530_170325\\TestSuiteArchivoExcel\\20230530_170325"/>
         <property name="logFiles" value="C:\\Users\\admin\\git\\DemoPresentacion\\Reports\\20230530_170325\\TestSuiteArchivoExcel\\20230530_170325\\execution0.log"/>
         <property name="attachments" value=""/>
         <property name="hostName" value="admin - 192.168.0.8"/>
         <property name="os" value="Windows 10 64bit"/>
         <property name="katalonVersion" value="8.6.0.208"/>
         <property name="browser" value="Chrome 113.0.0.0"/>
         <property name="hostAddress" value="192.168.0.8"/>
         <property name="sessionId" value="df2e68d33296fbfa5764218c71afbcb9"/>
         <property name="seleniumVersion" value="3.141.59"/>
         <property name="proxyInformation" value="ProxyInformation { proxyOption=NO_PROXY, proxyServerType=HTTP, username=, password=********, proxyServerAddress=, proxyServerPort=0, executionList=&quot;&quot;, isApplyToDesiredCapabilities=true }"/>
         <property name="platform" value="Windows 10"/>
      </properties>
      <testcase name="Test Cases/CasosExcel/CasoWebConArchivoCsvExcel" time="41.506" classname="Test Cases/CasosExcel/CasoWebConArchivoCsvExcel" status="PASSED">
         <system-out><![CDATA[2023-05-30 17:03:30 - [TEST_CASE][PASSED] - Test Cases/CasosExcel/CasoWebConArchivoCsvExcel: Test Cases/CasosExcel/CasoWebConArchivoCsvExcel

2023-05-30 17:03:30 - [TEST_STEP][PASSED] - openBrowser(""): Browser is opened with url: ''

2023-05-30 17:03:31 - [MESSAGE][INFO] - Starting 'Chrome' driver

2023-05-30 17:03:31 - [MESSAGE][INFO] - Action delay is set to 0 milliseconds

2023-05-30 17:03:47 - [MESSAGE][PASSED] - Browser is opened with url: ''

2023-05-30 17:03:47 - [TEST_STEP][PASSED] - navigateToUrl("https://demoqa.com/"): Navigate to 'https://demoqa.com/' successfully

2023-05-30 17:03:52 - [MESSAGE][PASSED] - Navigate to 'https://demoqa.com/' successfully

2023-05-30 17:03:52 - [TEST_STEP][PASSED] - maximizeWindow(): Current window maximized

2023-05-30 17:03:52 - [MESSAGE][PASSED] - Current window maximized

2023-05-30 17:03:52 - [TEST_STEP][PASSED] - waitForPageLoad(30): Wait for page load successfully

2023-05-30 17:03:54 - [MESSAGE][PASSED] - Wait for page load successfully

2023-05-30 17:03:54 - [TEST_STEP][PASSED] - click(findTestObject("Object Repository/Page_DEMOQA/div_Elements")): Object: 'Object Repository/Page_DEMOQA/div_Elements' is clicked on

2023-05-30 17:04:01 - [MESSAGE][PASSED] - Object: 'Object Repository/Page_DEMOQA/div_Elements' is clicked on

2023-05-30 17:04:01 - [TEST_STEP][PASSED] - click(findTestObject("Object Repository/Page_DEMOQA/li_Text Box")): Object: 'Object Repository/Page_DEMOQA/li_Text Box' is clicked on

2023-05-30 17:04:03 - [MESSAGE][PASSED] - Object: 'Object Repository/Page_DEMOQA/li_Text Box' is clicked on

2023-05-30 17:04:03 - [TEST_STEP][PASSED] - setText(findTestObject("Object Repository/Page_DEMOQA/input_Full Name_userName"), fullName): Text 'Juan Cruz Mouhape' is set on object 'Object Repository/Page_DEMOQA/input_Full Name_userName'

2023-05-30 17:04:04 - [MESSAGE][PASSED] - Text 'Juan Cruz Mouhape' is set on object 'Object Repository/Page_DEMOQA/input_Full Name_userName'

2023-05-30 17:04:04 - [TEST_STEP][PASSED] - setText(findTestObject("Object Repository/Page_DEMOQA/input_Email_userEmail"), email): Text 'pruebademo@gmail.com' is set on object 'Object Repository/Page_DEMOQA/input_Email_userEmail'

2023-05-30 17:04:05 - [MESSAGE][PASSED] - Text 'pruebademo@gmail.com' is set on object 'Object Repository/Page_DEMOQA/input_Email_userEmail'

2023-05-30 17:04:05 - [TEST_STEP][PASSED] - setText(findTestObject("Object Repository/Page_DEMOQA/textarea_Current Address_currentAddress"), currentAddress): Text 'Pasaje San Luis 252' is set on object 'Object Repository/Page_DEMOQA/textarea_Current Address_currentAddress'

2023-05-30 17:04:06 - [MESSAGE][PASSED] - Text 'Pasaje San Luis 252' is set on object 'Object Repository/Page_DEMOQA/textarea_Current Address_currentAddress'

2023-05-30 17:04:06 - [TEST_STEP][PASSED] - setText(findTestObject("Object Repository/Page_DEMOQA/textarea_Permanent Address_permanentAddress"), permanentAddress): Text 'Pasaje San Luis 252' is set on object 'Object Repository/Page_DEMOQA/textarea_Permanent Address_permanentAddress'

2023-05-30 17:04:07 - [MESSAGE][PASSED] - Text 'Pasaje San Luis 252' is set on object 'Object Repository/Page_DEMOQA/textarea_Permanent Address_permanentAddress'

2023-05-30 17:04:07 - [TEST_STEP][PASSED] - scrollToElement(findTestObject("Page_DEMOQA/button_Submit"), 4): Scroll to object 'Object Repository/Page_DEMOQA/button_Submit' successfully

2023-05-30 17:04:08 - [MESSAGE][PASSED] - Scroll to object 'Object Repository/Page_DEMOQA/button_Submit' successfully

2023-05-30 17:04:08 - [TEST_STEP][PASSED] - click(findTestObject("Object Repository/Page_DEMOQA/button_Submit")): Object: 'Object Repository/Page_DEMOQA/button_Submit' is clicked on

2023-05-30 17:04:08 - [MESSAGE][PASSED] - Object: 'Object Repository/Page_DEMOQA/button_Submit' is clicked on

2023-05-30 17:04:08 - [TEST_STEP][PASSED] - closeBrowser(): Browser is closed

2023-05-30 17:04:11 - [MESSAGE][PASSED] - Browser is closed]]></system-out>
         <system-err><![CDATA[]]></system-err>
      </testcase>
      <testcase name="Test Cases/CasosExcel/CasoWebConArchivoCsvExcel" time="16.044" classname="Test Cases/CasosExcel/CasoWebConArchivoCsvExcel" status="PASSED">
         <system-out><![CDATA[2023-05-30 17:04:11 - [TEST_CASE][PASSED] - Test Cases/CasosExcel/CasoWebConArchivoCsvExcel: Test Cases/CasosExcel/CasoWebConArchivoCsvExcel

2023-05-30 17:04:11 - [TEST_STEP][PASSED] - openBrowser(""): Browser is opened with url: ''

2023-05-30 17:04:11 - [MESSAGE][INFO] - Starting 'Chrome' driver

2023-05-30 17:04:11 - [MESSAGE][INFO] - Action delay is set to 0 milliseconds

2023-05-30 17:04:13 - [MESSAGE][PASSED] - Browser is opened with url: ''

2023-05-30 17:04:13 - [TEST_STEP][PASSED] - navigateToUrl("https://demoqa.com/"): Navigate to 'https://demoqa.com/' successfully

2023-05-30 17:04:20 - [MESSAGE][PASSED] - Navigate to 'https://demoqa.com/' successfully

2023-05-30 17:04:20 - [TEST_STEP][PASSED] - maximizeWindow(): Current window maximized

2023-05-30 17:04:20 - [MESSAGE][PASSED] - Current window maximized

2023-05-30 17:04:20 - [TEST_STEP][PASSED] - waitForPageLoad(30): Wait for page load successfully

2023-05-30 17:04:20 - [MESSAGE][PASSED] - Wait for page load successfully

2023-05-30 17:04:20 - [TEST_STEP][PASSED] - click(findTestObject("Object Repository/Page_DEMOQA/div_Elements")): Object: 'Object Repository/Page_DEMOQA/div_Elements' is clicked on

2023-05-30 17:04:21 - [MESSAGE][PASSED] - Object: 'Object Repository/Page_DEMOQA/div_Elements' is clicked on

2023-05-30 17:04:21 - [TEST_STEP][PASSED] - click(findTestObject("Object Repository/Page_DEMOQA/li_Text Box")): Object: 'Object Repository/Page_DEMOQA/li_Text Box' is clicked on

2023-05-30 17:04:22 - [MESSAGE][PASSED] - Object: 'Object Repository/Page_DEMOQA/li_Text Box' is clicked on

2023-05-30 17:04:22 - [TEST_STEP][PASSED] - setText(findTestObject("Object Repository/Page_DEMOQA/input_Full Name_userName"), fullName): Text 'Juan Rodriguez' is set on object 'Object Repository/Page_DEMOQA/input_Full Name_userName'

2023-05-30 17:04:23 - [MESSAGE][PASSED] - Text 'Juan Rodriguez' is set on object 'Object Repository/Page_DEMOQA/input_Full Name_userName'

2023-05-30 17:04:23 - [TEST_STEP][PASSED] - setText(findTestObject("Object Repository/Page_DEMOQA/input_Email_userEmail"), email): Text 'pruebademo2@gmail.com' is set on object 'Object Repository/Page_DEMOQA/input_Email_userEmail'

2023-05-30 17:04:24 - [MESSAGE][PASSED] - Text 'pruebademo2@gmail.com' is set on object 'Object Repository/Page_DEMOQA/input_Email_userEmail'

2023-05-30 17:04:24 - [TEST_STEP][PASSED] - setText(findTestObject("Object Repository/Page_DEMOQA/textarea_Current Address_currentAddress"), currentAddress): Text 'San Lorenzo 252' is set on object 'Object Repository/Page_DEMOQA/textarea_Current Address_currentAddress'

2023-05-30 17:04:25 - [MESSAGE][PASSED] - Text 'San Lorenzo 252' is set on object 'Object Repository/Page_DEMOQA/textarea_Current Address_currentAddress'

2023-05-30 17:04:25 - [TEST_STEP][PASSED] - setText(findTestObject("Object Repository/Page_DEMOQA/textarea_Permanent Address_permanentAddress"), permanentAddress): Text 'San Lorenzo 252' is set on object 'Object Repository/Page_DEMOQA/textarea_Permanent Address_permanentAddress'

2023-05-30 17:04:26 - [MESSAGE][PASSED] - Text 'San Lorenzo 252' is set on object 'Object Repository/Page_DEMOQA/textarea_Permanent Address_permanentAddress'

2023-05-30 17:04:26 - [TEST_STEP][PASSED] - scrollToElement(findTestObject("Page_DEMOQA/button_Submit"), 4): Scroll to object 'Object Repository/Page_DEMOQA/button_Submit' successfully

2023-05-30 17:04:26 - [MESSAGE][PASSED] - Scroll to object 'Object Repository/Page_DEMOQA/button_Submit' successfully

2023-05-30 17:04:26 - [TEST_STEP][PASSED] - click(findTestObject("Object Repository/Page_DEMOQA/button_Submit")): Object: 'Object Repository/Page_DEMOQA/button_Submit' is clicked on

2023-05-30 17:04:27 - [MESSAGE][PASSED] - Object: 'Object Repository/Page_DEMOQA/button_Submit' is clicked on

2023-05-30 17:04:27 - [TEST_STEP][PASSED] - closeBrowser(): Browser is closed

2023-05-30 17:04:27 - [MESSAGE][PASSED] - Browser is closed]]></system-out>
         <system-err><![CDATA[]]></system-err>
      </testcase>
      <testcase name="Test Cases/CasosExcel/CasoWebConArchivoCsvExcel" time="16.18" classname="Test Cases/CasosExcel/CasoWebConArchivoCsvExcel" status="PASSED">
         <system-out><![CDATA[2023-05-30 17:04:27 - [TEST_CASE][PASSED] - Test Cases/CasosExcel/CasoWebConArchivoCsvExcel: Test Cases/CasosExcel/CasoWebConArchivoCsvExcel

2023-05-30 17:04:27 - [TEST_STEP][PASSED] - openBrowser(""): Browser is opened with url: ''

2023-05-30 17:04:27 - [MESSAGE][INFO] - Starting 'Chrome' driver

2023-05-30 17:04:27 - [MESSAGE][INFO] - Action delay is set to 0 milliseconds

2023-05-30 17:04:29 - [MESSAGE][PASSED] - Browser is opened with url: ''

2023-05-30 17:04:29 - [TEST_STEP][PASSED] - navigateToUrl("https://demoqa.com/"): Navigate to 'https://demoqa.com/' successfully

2023-05-30 17:04:35 - [MESSAGE][PASSED] - Navigate to 'https://demoqa.com/' successfully

2023-05-30 17:04:35 - [TEST_STEP][PASSED] - maximizeWindow(): Current window maximized

2023-05-30 17:04:35 - [MESSAGE][PASSED] - Current window maximized

2023-05-30 17:04:35 - [TEST_STEP][PASSED] - waitForPageLoad(30): Wait for page load successfully

2023-05-30 17:04:35 - [MESSAGE][PASSED] - Wait for page load successfully

2023-05-30 17:04:35 - [TEST_STEP][PASSED] - click(findTestObject("Object Repository/Page_DEMOQA/div_Elements")): Object: 'Object Repository/Page_DEMOQA/div_Elements' is clicked on

2023-05-30 17:04:36 - [MESSAGE][PASSED] - Object: 'Object Repository/Page_DEMOQA/div_Elements' is clicked on

2023-05-30 17:04:36 - [TEST_STEP][PASSED] - click(findTestObject("Object Repository/Page_DEMOQA/li_Text Box")): Object: 'Object Repository/Page_DEMOQA/li_Text Box' is clicked on

2023-05-30 17:04:37 - [MESSAGE][PASSED] - Object: 'Object Repository/Page_DEMOQA/li_Text Box' is clicked on

2023-05-30 17:04:37 - [TEST_STEP][PASSED] - setText(findTestObject("Object Repository/Page_DEMOQA/input_Full Name_userName"), fullName): Text 'Fabio Escudero' is set on object 'Object Repository/Page_DEMOQA/input_Full Name_userName'

2023-05-30 17:04:39 - [MESSAGE][PASSED] - Text 'Fabio Escudero' is set on object 'Object Repository/Page_DEMOQA/input_Full Name_userName'

2023-05-30 17:04:39 - [TEST_STEP][PASSED] - setText(findTestObject("Object Repository/Page_DEMOQA/input_Email_userEmail"), email): Text 'pruebademo3@gmail.com' is set on object 'Object Repository/Page_DEMOQA/input_Email_userEmail'

2023-05-30 17:04:39 - [MESSAGE][PASSED] - Text 'pruebademo3@gmail.com' is set on object 'Object Repository/Page_DEMOQA/input_Email_userEmail'

2023-05-30 17:04:39 - [TEST_STEP][PASSED] - setText(findTestObject("Object Repository/Page_DEMOQA/textarea_Current Address_currentAddress"), currentAddress): Text 'Alvear 30' is set on object 'Object Repository/Page_DEMOQA/textarea_Current Address_currentAddress'

2023-05-30 17:04:41 - [MESSAGE][PASSED] - Text 'Alvear 30' is set on object 'Object Repository/Page_DEMOQA/textarea_Current Address_currentAddress'

2023-05-30 17:04:41 - [TEST_STEP][PASSED] - setText(findTestObject("Object Repository/Page_DEMOQA/textarea_Permanent Address_permanentAddress"), permanentAddress): Text 'Alvear 30' is set on object 'Object Repository/Page_DEMOQA/textarea_Permanent Address_permanentAddress'

2023-05-30 17:04:42 - [MESSAGE][PASSED] - Text 'Alvear 30' is set on object 'Object Repository/Page_DEMOQA/textarea_Permanent Address_permanentAddress'

2023-05-30 17:04:42 - [TEST_STEP][PASSED] - scrollToElement(findTestObject("Page_DEMOQA/button_Submit"), 4): Scroll to object 'Object Repository/Page_DEMOQA/button_Submit' successfully

2023-05-30 17:04:42 - [MESSAGE][PASSED] - Scroll to object 'Object Repository/Page_DEMOQA/button_Submit' successfully

2023-05-30 17:04:42 - [TEST_STEP][PASSED] - click(findTestObject("Object Repository/Page_DEMOQA/button_Submit")): Object: 'Object Repository/Page_DEMOQA/button_Submit' is clicked on

2023-05-30 17:04:43 - [MESSAGE][PASSED] - Object: 'Object Repository/Page_DEMOQA/button_Submit' is clicked on

2023-05-30 17:04:43 - [TEST_STEP][PASSED] - closeBrowser(): Browser is closed

2023-05-30 17:04:44 - [MESSAGE][PASSED] - Browser is closed]]></system-out>
         <system-err><![CDATA[]]></system-err>
      </testcase>
      <system-out><![CDATA[2023-05-30 17:03:29 - [TEST_SUITE][PASSED] - TestSuiteArchivoExcel: Test Cases/CasosExcel/CasoWebConArchivoCsvExcel]]></system-out>
      <system-err><![CDATA[]]></system-err>
   </testsuite>
</testsuites>
