<?xml version="1.0" encoding="UTF-8"?>
<testsuites name="TestSuiteArchivoExcel" time="49.691" tests="3" failures="0" errors="0">
   <testsuite name="TestSuiteArchivoExcel" tests="3" failures="0" errors="0" time="49.691" skipped="0" timestamp="2023-05-29 12:41:00" hostname="admin - NTK0999" id="Test Suites/TestSuiteArchivoExcel">
      <properties>
         <property name="deviceName" value=""/>
         <property name="devicePlatform" value=""/>
         <property name="logFolder" value="C:\\Users\\admin\\git\\DemoPresentacion\\Reports\\20230529_124056\\TestSuiteArchivoExcel\\20230529_124056"/>
         <property name="logFiles" value="C:\\Users\\admin\\git\\DemoPresentacion\\Reports\\20230529_124056\\TestSuiteArchivoExcel\\20230529_124056\\execution0.log"/>
         <property name="attachments" value=""/>
         <property name="hostName" value="admin - NTK0999"/>
         <property name="os" value="Windows 10 64bit"/>
         <property name="katalonVersion" value="8.6.0.208"/>
         <property name="browser" value="Chrome 113.0.0.0"/>
         <property name="hostAddress" value="192.168.29.62"/>
         <property name="sessionId" value="365f0d01b3c2ac0bd60cfa6418ac658a"/>
         <property name="seleniumVersion" value="3.141.59"/>
         <property name="proxyInformation" value="ProxyInformation { proxyOption=NO_PROXY, proxyServerType=HTTP, username=, password=********, proxyServerAddress=, proxyServerPort=0, executionList=&quot;&quot;, isApplyToDesiredCapabilities=true }"/>
         <property name="platform" value="Windows 10"/>
      </properties>
      <testcase name="Test Cases/CasoWebConArchivoCsvExcel" time="18.37" classname="Test Cases/CasoWebConArchivoCsvExcel" status="PASSED">
         <system-out><![CDATA[2023-05-29 12:41:01 - [TEST_CASE][PASSED] - Test Cases/CasoWebConArchivoCsvExcel: Test Cases/CasoWebConArchivoCsvExcel

2023-05-29 12:41:02 - [TEST_STEP][PASSED] - openBrowser(""): Browser is opened with url: ''

2023-05-29 12:41:02 - [MESSAGE][INFO] - Starting 'Chrome' driver

2023-05-29 12:41:02 - [MESSAGE][INFO] - Action delay is set to 0 milliseconds

2023-05-29 12:41:06 - [MESSAGE][PASSED] - Browser is opened with url: ''

2023-05-29 12:41:06 - [TEST_STEP][PASSED] - navigateToUrl("https://demoqa.com/"): Navigate to 'https://demoqa.com/' successfully

2023-05-29 12:41:11 - [MESSAGE][PASSED] - Navigate to 'https://demoqa.com/' successfully

2023-05-29 12:41:11 - [TEST_STEP][PASSED] - maximizeWindow(): Current window maximized

2023-05-29 12:41:11 - [MESSAGE][PASSED] - Current window maximized

2023-05-29 12:41:11 - [TEST_STEP][PASSED] - waitForPageLoad(30): Wait for page load successfully

2023-05-29 12:41:11 - [MESSAGE][PASSED] - Wait for page load successfully

2023-05-29 12:41:11 - [TEST_STEP][PASSED] - click(findTestObject("Object Repository/Page_DEMOQA/div_Elements")): Object: 'Object Repository/Page_DEMOQA/div_Elements' is clicked on

2023-05-29 12:41:12 - [MESSAGE][PASSED] - Object: 'Object Repository/Page_DEMOQA/div_Elements' is clicked on

2023-05-29 12:41:12 - [TEST_STEP][PASSED] - click(findTestObject("Object Repository/Page_DEMOQA/li_Text Box")): Object: 'Object Repository/Page_DEMOQA/li_Text Box' is clicked on

2023-05-29 12:41:13 - [MESSAGE][PASSED] - Object: 'Object Repository/Page_DEMOQA/li_Text Box' is clicked on

2023-05-29 12:41:13 - [TEST_STEP][PASSED] - setText(findTestObject("Object Repository/Page_DEMOQA/input_Full Name_userName"), fullName): Text 'Juan Cruz Mouhape' is set on object 'Object Repository/Page_DEMOQA/input_Full Name_userName'

2023-05-29 12:41:15 - [MESSAGE][PASSED] - Text 'Juan Cruz Mouhape' is set on object 'Object Repository/Page_DEMOQA/input_Full Name_userName'

2023-05-29 12:41:15 - [TEST_STEP][PASSED] - setText(findTestObject("Object Repository/Page_DEMOQA/input_Email_userEmail"), email): Text 'pruebademo@gmail.com' is set on object 'Object Repository/Page_DEMOQA/input_Email_userEmail'

2023-05-29 12:41:16 - [MESSAGE][PASSED] - Text 'pruebademo@gmail.com' is set on object 'Object Repository/Page_DEMOQA/input_Email_userEmail'

2023-05-29 12:41:16 - [TEST_STEP][PASSED] - setText(findTestObject("Object Repository/Page_DEMOQA/textarea_Current Address_currentAddress"), currentAddress): Text 'Pasaje San Luis 252' is set on object 'Object Repository/Page_DEMOQA/textarea_Current Address_currentAddress'

2023-05-29 12:41:16 - [MESSAGE][PASSED] - Text 'Pasaje San Luis 252' is set on object 'Object Repository/Page_DEMOQA/textarea_Current Address_currentAddress'

2023-05-29 12:41:16 - [TEST_STEP][PASSED] - setText(findTestObject("Object Repository/Page_DEMOQA/textarea_Permanent Address_permanentAddress"), permanentAddress): Text 'Pasaje San Luis 252' is set on object 'Object Repository/Page_DEMOQA/textarea_Permanent Address_permanentAddress'

2023-05-29 12:41:17 - [MESSAGE][PASSED] - Text 'Pasaje San Luis 252' is set on object 'Object Repository/Page_DEMOQA/textarea_Permanent Address_permanentAddress'

2023-05-29 12:41:17 - [TEST_STEP][PASSED] - scrollToElement(findTestObject("Page_DEMOQA/button_Submit"), 4): Scroll to object 'Object Repository/Page_DEMOQA/button_Submit' successfully

2023-05-29 12:41:18 - [MESSAGE][PASSED] - Scroll to object 'Object Repository/Page_DEMOQA/button_Submit' successfully

2023-05-29 12:41:18 - [TEST_STEP][PASSED] - click(findTestObject("Object Repository/Page_DEMOQA/button_Submit")): Object: 'Object Repository/Page_DEMOQA/button_Submit' is clicked on

2023-05-29 12:41:18 - [MESSAGE][PASSED] - Object: 'Object Repository/Page_DEMOQA/button_Submit' is clicked on

2023-05-29 12:41:18 - [TEST_STEP][PASSED] - closeBrowser(): Browser is closed

2023-05-29 12:41:19 - [MESSAGE][PASSED] - Browser is closed]]></system-out>
         <system-err><![CDATA[]]></system-err>
      </testcase>
      <testcase name="Test Cases/CasoWebConArchivoCsvExcel" time="14.725" classname="Test Cases/CasoWebConArchivoCsvExcel" status="PASSED">
         <system-out><![CDATA[2023-05-29 12:41:19 - [TEST_CASE][PASSED] - Test Cases/CasoWebConArchivoCsvExcel: Test Cases/CasoWebConArchivoCsvExcel

2023-05-29 12:41:19 - [TEST_STEP][PASSED] - openBrowser(""): Browser is opened with url: ''

2023-05-29 12:41:19 - [MESSAGE][INFO] - Starting 'Chrome' driver

2023-05-29 12:41:19 - [MESSAGE][INFO] - Action delay is set to 0 milliseconds

2023-05-29 12:41:21 - [MESSAGE][PASSED] - Browser is opened with url: ''

2023-05-29 12:41:21 - [TEST_STEP][PASSED] - navigateToUrl("https://demoqa.com/"): Navigate to 'https://demoqa.com/' successfully

2023-05-29 12:41:26 - [MESSAGE][PASSED] - Navigate to 'https://demoqa.com/' successfully

2023-05-29 12:41:26 - [TEST_STEP][PASSED] - maximizeWindow(): Current window maximized

2023-05-29 12:41:26 - [MESSAGE][PASSED] - Current window maximized

2023-05-29 12:41:26 - [TEST_STEP][PASSED] - waitForPageLoad(30): Wait for page load successfully

2023-05-29 12:41:26 - [MESSAGE][PASSED] - Wait for page load successfully

2023-05-29 12:41:26 - [TEST_STEP][PASSED] - click(findTestObject("Object Repository/Page_DEMOQA/div_Elements")): Object: 'Object Repository/Page_DEMOQA/div_Elements' is clicked on

2023-05-29 12:41:27 - [MESSAGE][PASSED] - Object: 'Object Repository/Page_DEMOQA/div_Elements' is clicked on

2023-05-29 12:41:27 - [TEST_STEP][PASSED] - click(findTestObject("Object Repository/Page_DEMOQA/li_Text Box")): Object: 'Object Repository/Page_DEMOQA/li_Text Box' is clicked on

2023-05-29 12:41:28 - [MESSAGE][PASSED] - Object: 'Object Repository/Page_DEMOQA/li_Text Box' is clicked on

2023-05-29 12:41:28 - [TEST_STEP][PASSED] - setText(findTestObject("Object Repository/Page_DEMOQA/input_Full Name_userName"), fullName): Text 'Juan Rodriguez' is set on object 'Object Repository/Page_DEMOQA/input_Full Name_userName'

2023-05-29 12:41:30 - [MESSAGE][PASSED] - Text 'Juan Rodriguez' is set on object 'Object Repository/Page_DEMOQA/input_Full Name_userName'

2023-05-29 12:41:30 - [TEST_STEP][PASSED] - setText(findTestObject("Object Repository/Page_DEMOQA/input_Email_userEmail"), email): Text 'pruebademo2@gmail.com' is set on object 'Object Repository/Page_DEMOQA/input_Email_userEmail'

2023-05-29 12:41:31 - [MESSAGE][PASSED] - Text 'pruebademo2@gmail.com' is set on object 'Object Repository/Page_DEMOQA/input_Email_userEmail'

2023-05-29 12:41:31 - [TEST_STEP][PASSED] - setText(findTestObject("Object Repository/Page_DEMOQA/textarea_Current Address_currentAddress"), currentAddress): Text 'San Lorenzo 252' is set on object 'Object Repository/Page_DEMOQA/textarea_Current Address_currentAddress'

2023-05-29 12:41:31 - [MESSAGE][PASSED] - Text 'San Lorenzo 252' is set on object 'Object Repository/Page_DEMOQA/textarea_Current Address_currentAddress'

2023-05-29 12:41:31 - [TEST_STEP][PASSED] - setText(findTestObject("Object Repository/Page_DEMOQA/textarea_Permanent Address_permanentAddress"), permanentAddress): Text 'San Lorenzo 252' is set on object 'Object Repository/Page_DEMOQA/textarea_Permanent Address_permanentAddress'

2023-05-29 12:41:32 - [MESSAGE][PASSED] - Text 'San Lorenzo 252' is set on object 'Object Repository/Page_DEMOQA/textarea_Permanent Address_permanentAddress'

2023-05-29 12:41:32 - [TEST_STEP][PASSED] - scrollToElement(findTestObject("Page_DEMOQA/button_Submit"), 4): Scroll to object 'Object Repository/Page_DEMOQA/button_Submit' successfully

2023-05-29 12:41:33 - [MESSAGE][PASSED] - Scroll to object 'Object Repository/Page_DEMOQA/button_Submit' successfully

2023-05-29 12:41:33 - [TEST_STEP][PASSED] - click(findTestObject("Object Repository/Page_DEMOQA/button_Submit")): Object: 'Object Repository/Page_DEMOQA/button_Submit' is clicked on

2023-05-29 12:41:33 - [MESSAGE][PASSED] - Object: 'Object Repository/Page_DEMOQA/button_Submit' is clicked on

2023-05-29 12:41:33 - [TEST_STEP][PASSED] - closeBrowser(): Browser is closed

2023-05-29 12:41:34 - [MESSAGE][PASSED] - Browser is closed]]></system-out>
         <system-err><![CDATA[]]></system-err>
      </testcase>
      <testcase name="Test Cases/CasoWebConArchivoCsvExcel" time="15.619" classname="Test Cases/CasoWebConArchivoCsvExcel" status="PASSED">
         <system-out><![CDATA[2023-05-29 12:41:34 - [TEST_CASE][PASSED] - Test Cases/CasoWebConArchivoCsvExcel: Test Cases/CasoWebConArchivoCsvExcel

2023-05-29 12:41:34 - [TEST_STEP][PASSED] - openBrowser(""): Browser is opened with url: ''

2023-05-29 12:41:34 - [MESSAGE][INFO] - Starting 'Chrome' driver

2023-05-29 12:41:34 - [MESSAGE][INFO] - Action delay is set to 0 milliseconds

2023-05-29 12:41:36 - [MESSAGE][PASSED] - Browser is opened with url: ''

2023-05-29 12:41:36 - [TEST_STEP][PASSED] - navigateToUrl("https://demoqa.com/"): Navigate to 'https://demoqa.com/' successfully

2023-05-29 12:41:42 - [MESSAGE][PASSED] - Navigate to 'https://demoqa.com/' successfully

2023-05-29 12:41:42 - [TEST_STEP][PASSED] - maximizeWindow(): Current window maximized

2023-05-29 12:41:42 - [MESSAGE][PASSED] - Current window maximized

2023-05-29 12:41:42 - [TEST_STEP][PASSED] - waitForPageLoad(30): Wait for page load successfully

2023-05-29 12:41:42 - [MESSAGE][PASSED] - Wait for page load successfully

2023-05-29 12:41:42 - [TEST_STEP][PASSED] - click(findTestObject("Object Repository/Page_DEMOQA/div_Elements")): Object: 'Object Repository/Page_DEMOQA/div_Elements' is clicked on

2023-05-29 12:41:43 - [MESSAGE][PASSED] - Object: 'Object Repository/Page_DEMOQA/div_Elements' is clicked on

2023-05-29 12:41:43 - [TEST_STEP][PASSED] - click(findTestObject("Object Repository/Page_DEMOQA/li_Text Box")): Object: 'Object Repository/Page_DEMOQA/li_Text Box' is clicked on

2023-05-29 12:41:44 - [MESSAGE][PASSED] - Object: 'Object Repository/Page_DEMOQA/li_Text Box' is clicked on

2023-05-29 12:41:44 - [TEST_STEP][PASSED] - setText(findTestObject("Object Repository/Page_DEMOQA/input_Full Name_userName"), fullName): Text 'Fabio Escudero' is set on object 'Object Repository/Page_DEMOQA/input_Full Name_userName'

2023-05-29 12:41:45 - [MESSAGE][PASSED] - Text 'Fabio Escudero' is set on object 'Object Repository/Page_DEMOQA/input_Full Name_userName'

2023-05-29 12:41:45 - [TEST_STEP][PASSED] - setText(findTestObject("Object Repository/Page_DEMOQA/input_Email_userEmail"), email): Text 'pruebademo3@gmail.com' is set on object 'Object Repository/Page_DEMOQA/input_Email_userEmail'

2023-05-29 12:41:46 - [MESSAGE][PASSED] - Text 'pruebademo3@gmail.com' is set on object 'Object Repository/Page_DEMOQA/input_Email_userEmail'

2023-05-29 12:41:46 - [TEST_STEP][PASSED] - setText(findTestObject("Object Repository/Page_DEMOQA/textarea_Current Address_currentAddress"), currentAddress): Text 'Alvear 30' is set on object 'Object Repository/Page_DEMOQA/textarea_Current Address_currentAddress'

2023-05-29 12:41:47 - [MESSAGE][PASSED] - Text 'Alvear 30' is set on object 'Object Repository/Page_DEMOQA/textarea_Current Address_currentAddress'

2023-05-29 12:41:47 - [TEST_STEP][PASSED] - setText(findTestObject("Object Repository/Page_DEMOQA/textarea_Permanent Address_permanentAddress"), permanentAddress): Text 'Alvear 30' is set on object 'Object Repository/Page_DEMOQA/textarea_Permanent Address_permanentAddress'

2023-05-29 12:41:48 - [MESSAGE][PASSED] - Text 'Alvear 30' is set on object 'Object Repository/Page_DEMOQA/textarea_Permanent Address_permanentAddress'

2023-05-29 12:41:48 - [TEST_STEP][PASSED] - scrollToElement(findTestObject("Page_DEMOQA/button_Submit"), 4): Scroll to object 'Object Repository/Page_DEMOQA/button_Submit' successfully

2023-05-29 12:41:49 - [MESSAGE][PASSED] - Scroll to object 'Object Repository/Page_DEMOQA/button_Submit' successfully

2023-05-29 12:41:49 - [TEST_STEP][PASSED] - click(findTestObject("Object Repository/Page_DEMOQA/button_Submit")): Object: 'Object Repository/Page_DEMOQA/button_Submit' is clicked on

2023-05-29 12:41:49 - [MESSAGE][PASSED] - Object: 'Object Repository/Page_DEMOQA/button_Submit' is clicked on

2023-05-29 12:41:49 - [TEST_STEP][PASSED] - closeBrowser(): Browser is closed

2023-05-29 12:41:50 - [MESSAGE][PASSED] - Browser is closed]]></system-out>
         <system-err><![CDATA[]]></system-err>
      </testcase>
      <system-out><![CDATA[2023-05-29 12:41:00 - [TEST_SUITE][PASSED] - TestSuiteArchivoExcel: Test Cases/CasoWebConArchivoCsvExcel]]></system-out>
      <system-err><![CDATA[]]></system-err>
   </testsuite>
</testsuites>
