<?xml version="1.0" encoding="UTF-8"?>
<testsuites name="TestSuiteArchivoExcel" time="49.95" tests="3" failures="0" errors="0">
   <testsuite name="TestSuiteArchivoExcel" tests="3" failures="0" errors="0" time="49.95" skipped="0" timestamp="2023-05-29 12:39:10" hostname="admin - NTK0999" id="Test Suites/TestSuiteArchivoExcel">
      <properties>
         <property name="deviceName" value=""/>
         <property name="devicePlatform" value=""/>
         <property name="logFolder" value="C:\\Users\\admin\\git\\DemoPresentacion\\Reports\\20230529_123905\\TestSuiteArchivoExcel\\20230529_123906"/>
         <property name="logFiles" value="C:\\Users\\admin\\git\\DemoPresentacion\\Reports\\20230529_123905\\TestSuiteArchivoExcel\\20230529_123906\\execution0.log"/>
         <property name="attachments" value=""/>
         <property name="hostName" value="admin - NTK0999"/>
         <property name="os" value="Windows 10 64bit"/>
         <property name="katalonVersion" value="8.6.0.208"/>
         <property name="browser" value="Chrome 113.0.0.0"/>
         <property name="hostAddress" value="192.168.29.62"/>
         <property name="sessionId" value="70db26fb1bdd3d846be93961613e2096"/>
         <property name="seleniumVersion" value="3.141.59"/>
         <property name="proxyInformation" value="ProxyInformation { proxyOption=NO_PROXY, proxyServerType=HTTP, username=, password=********, proxyServerAddress=, proxyServerPort=0, executionList=&quot;&quot;, isApplyToDesiredCapabilities=true }"/>
         <property name="platform" value="Windows 10"/>
      </properties>
      <testcase name="Test Cases/CasoWebConArchivoCsv" time="18.391" classname="Test Cases/CasoWebConArchivoCsv" status="PASSED">
         <system-out><![CDATA[2023-05-29 12:39:11 - [TEST_CASE][PASSED] - Test Cases/CasoWebConArchivoCsv: Test Cases/CasoWebConArchivoCsv

2023-05-29 12:39:12 - [TEST_STEP][PASSED] - openBrowser(""): Browser is opened with url: ''

2023-05-29 12:39:12 - [MESSAGE][INFO] - Starting 'Chrome' driver

2023-05-29 12:39:12 - [MESSAGE][INFO] - Action delay is set to 0 milliseconds

2023-05-29 12:39:15 - [MESSAGE][PASSED] - Browser is opened with url: ''

2023-05-29 12:39:15 - [TEST_STEP][PASSED] - navigateToUrl("https://demoqa.com/"): Navigate to 'https://demoqa.com/' successfully

2023-05-29 12:39:20 - [MESSAGE][PASSED] - Navigate to 'https://demoqa.com/' successfully

2023-05-29 12:39:20 - [TEST_STEP][PASSED] - maximizeWindow(): Current window maximized

2023-05-29 12:39:20 - [MESSAGE][PASSED] - Current window maximized

2023-05-29 12:39:20 - [TEST_STEP][PASSED] - waitForPageLoad(30): Wait for page load successfully

2023-05-29 12:39:21 - [MESSAGE][PASSED] - Wait for page load successfully

2023-05-29 12:39:21 - [TEST_STEP][PASSED] - click(findTestObject("Object Repository/Page_DEMOQA/div_Elements")): Object: 'Object Repository/Page_DEMOQA/div_Elements' is clicked on

2023-05-29 12:39:22 - [MESSAGE][PASSED] - Object: 'Object Repository/Page_DEMOQA/div_Elements' is clicked on

2023-05-29 12:39:22 - [TEST_STEP][PASSED] - click(findTestObject("Object Repository/Page_DEMOQA/li_Text Box")): Object: 'Object Repository/Page_DEMOQA/li_Text Box' is clicked on

2023-05-29 12:39:23 - [MESSAGE][PASSED] - Object: 'Object Repository/Page_DEMOQA/li_Text Box' is clicked on

2023-05-29 12:39:23 - [TEST_STEP][PASSED] - setText(findTestObject("Object Repository/Page_DEMOQA/input_Full Name_userName"), fullName): Text 'Juan Cruz Mouhape' is set on object 'Object Repository/Page_DEMOQA/input_Full Name_userName'

2023-05-29 12:39:24 - [MESSAGE][PASSED] - Text 'Juan Cruz Mouhape' is set on object 'Object Repository/Page_DEMOQA/input_Full Name_userName'

2023-05-29 12:39:24 - [TEST_STEP][PASSED] - setText(findTestObject("Object Repository/Page_DEMOQA/input_Email_userEmail"), email): Text 'pruebademo@gmail.com' is set on object 'Object Repository/Page_DEMOQA/input_Email_userEmail'

2023-05-29 12:39:25 - [MESSAGE][PASSED] - Text 'pruebademo@gmail.com' is set on object 'Object Repository/Page_DEMOQA/input_Email_userEmail'

2023-05-29 12:39:25 - [TEST_STEP][PASSED] - setText(findTestObject("Object Repository/Page_DEMOQA/textarea_Current Address_currentAddress"), currentAddress): Text 'Pasaje San Luis 252' is set on object 'Object Repository/Page_DEMOQA/textarea_Current Address_currentAddress'

2023-05-29 12:39:26 - [MESSAGE][PASSED] - Text 'Pasaje San Luis 252' is set on object 'Object Repository/Page_DEMOQA/textarea_Current Address_currentAddress'

2023-05-29 12:39:26 - [TEST_STEP][PASSED] - setText(findTestObject("Object Repository/Page_DEMOQA/textarea_Permanent Address_permanentAddress"), permanentAddress): Text 'Pasaje San Luis 252' is set on object 'Object Repository/Page_DEMOQA/textarea_Permanent Address_permanentAddress'

2023-05-29 12:39:27 - [MESSAGE][PASSED] - Text 'Pasaje San Luis 252' is set on object 'Object Repository/Page_DEMOQA/textarea_Permanent Address_permanentAddress'

2023-05-29 12:39:27 - [TEST_STEP][PASSED] - scrollToElement(findTestObject("Page_DEMOQA/button_Submit"), 4): Scroll to object 'Object Repository/Page_DEMOQA/button_Submit' successfully

2023-05-29 12:39:28 - [MESSAGE][PASSED] - Scroll to object 'Object Repository/Page_DEMOQA/button_Submit' successfully

2023-05-29 12:39:28 - [TEST_STEP][PASSED] - click(findTestObject("Object Repository/Page_DEMOQA/button_Submit")): Object: 'Object Repository/Page_DEMOQA/button_Submit' is clicked on

2023-05-29 12:39:29 - [MESSAGE][PASSED] - Object: 'Object Repository/Page_DEMOQA/button_Submit' is clicked on

2023-05-29 12:39:29 - [TEST_STEP][PASSED] - closeBrowser(): Browser is closed

2023-05-29 12:39:29 - [MESSAGE][PASSED] - Browser is closed]]></system-out>
         <system-err><![CDATA[]]></system-err>
      </testcase>
      <testcase name="Test Cases/CasoWebConArchivoCsv" time="16.82" classname="Test Cases/CasoWebConArchivoCsv" status="PASSED">
         <system-out><![CDATA[2023-05-29 12:39:30 - [TEST_CASE][PASSED] - Test Cases/CasoWebConArchivoCsv: Test Cases/CasoWebConArchivoCsv

2023-05-29 12:39:30 - [TEST_STEP][PASSED] - openBrowser(""): Browser is opened with url: ''

2023-05-29 12:39:30 - [MESSAGE][INFO] - Starting 'Chrome' driver

2023-05-29 12:39:30 - [MESSAGE][INFO] - Action delay is set to 0 milliseconds

2023-05-29 12:39:31 - [MESSAGE][PASSED] - Browser is opened with url: ''

2023-05-29 12:39:31 - [TEST_STEP][PASSED] - navigateToUrl("https://demoqa.com/"): Navigate to 'https://demoqa.com/' successfully

2023-05-29 12:39:39 - [MESSAGE][PASSED] - Navigate to 'https://demoqa.com/' successfully

2023-05-29 12:39:39 - [TEST_STEP][PASSED] - maximizeWindow(): Current window maximized

2023-05-29 12:39:39 - [MESSAGE][PASSED] - Current window maximized

2023-05-29 12:39:39 - [TEST_STEP][PASSED] - waitForPageLoad(30): Wait for page load successfully

2023-05-29 12:39:39 - [MESSAGE][PASSED] - Wait for page load successfully

2023-05-29 12:39:39 - [TEST_STEP][PASSED] - click(findTestObject("Object Repository/Page_DEMOQA/div_Elements")): Object: 'Object Repository/Page_DEMOQA/div_Elements' is clicked on

2023-05-29 12:39:40 - [MESSAGE][PASSED] - Object: 'Object Repository/Page_DEMOQA/div_Elements' is clicked on

2023-05-29 12:39:40 - [TEST_STEP][PASSED] - click(findTestObject("Object Repository/Page_DEMOQA/li_Text Box")): Object: 'Object Repository/Page_DEMOQA/li_Text Box' is clicked on

2023-05-29 12:39:41 - [MESSAGE][PASSED] - Object: 'Object Repository/Page_DEMOQA/li_Text Box' is clicked on

2023-05-29 12:39:41 - [TEST_STEP][PASSED] - setText(findTestObject("Object Repository/Page_DEMOQA/input_Full Name_userName"), fullName): Text 'Juan Rodriguez' is set on object 'Object Repository/Page_DEMOQA/input_Full Name_userName'

2023-05-29 12:39:42 - [MESSAGE][PASSED] - Text 'Juan Rodriguez' is set on object 'Object Repository/Page_DEMOQA/input_Full Name_userName'

2023-05-29 12:39:42 - [TEST_STEP][PASSED] - setText(findTestObject("Object Repository/Page_DEMOQA/input_Email_userEmail"), email): Text 'pruebademo2@gmail.com' is set on object 'Object Repository/Page_DEMOQA/input_Email_userEmail'

2023-05-29 12:39:43 - [MESSAGE][PASSED] - Text 'pruebademo2@gmail.com' is set on object 'Object Repository/Page_DEMOQA/input_Email_userEmail'

2023-05-29 12:39:43 - [TEST_STEP][PASSED] - setText(findTestObject("Object Repository/Page_DEMOQA/textarea_Current Address_currentAddress"), currentAddress): Text 'San Lorenzo 252' is set on object 'Object Repository/Page_DEMOQA/textarea_Current Address_currentAddress'

2023-05-29 12:39:44 - [MESSAGE][PASSED] - Text 'San Lorenzo 252' is set on object 'Object Repository/Page_DEMOQA/textarea_Current Address_currentAddress'

2023-05-29 12:39:44 - [TEST_STEP][PASSED] - setText(findTestObject("Object Repository/Page_DEMOQA/textarea_Permanent Address_permanentAddress"), permanentAddress): Text 'San Lorenzo 252' is set on object 'Object Repository/Page_DEMOQA/textarea_Permanent Address_permanentAddress'

2023-05-29 12:39:45 - [MESSAGE][PASSED] - Text 'San Lorenzo 252' is set on object 'Object Repository/Page_DEMOQA/textarea_Permanent Address_permanentAddress'

2023-05-29 12:39:45 - [TEST_STEP][PASSED] - scrollToElement(findTestObject("Page_DEMOQA/button_Submit"), 4): Scroll to object 'Object Repository/Page_DEMOQA/button_Submit' successfully

2023-05-29 12:39:45 - [MESSAGE][PASSED] - Scroll to object 'Object Repository/Page_DEMOQA/button_Submit' successfully

2023-05-29 12:39:45 - [TEST_STEP][PASSED] - click(findTestObject("Object Repository/Page_DEMOQA/button_Submit")): Object: 'Object Repository/Page_DEMOQA/button_Submit' is clicked on

2023-05-29 12:39:46 - [MESSAGE][PASSED] - Object: 'Object Repository/Page_DEMOQA/button_Submit' is clicked on

2023-05-29 12:39:46 - [TEST_STEP][PASSED] - closeBrowser(): Browser is closed

2023-05-29 12:39:46 - [MESSAGE][PASSED] - Browser is closed]]></system-out>
         <system-err><![CDATA[]]></system-err>
      </testcase>
      <testcase name="Test Cases/CasoWebConArchivoCsv" time="13.944" classname="Test Cases/CasoWebConArchivoCsv" status="PASSED">
         <system-out><![CDATA[2023-05-29 12:39:46 - [TEST_CASE][PASSED] - Test Cases/CasoWebConArchivoCsv: Test Cases/CasoWebConArchivoCsv

2023-05-29 12:39:46 - [TEST_STEP][PASSED] - openBrowser(""): Browser is opened with url: ''

2023-05-29 12:39:46 - [MESSAGE][INFO] - Starting 'Chrome' driver

2023-05-29 12:39:46 - [MESSAGE][INFO] - Action delay is set to 0 milliseconds

2023-05-29 12:39:48 - [MESSAGE][PASSED] - Browser is opened with url: ''

2023-05-29 12:39:48 - [TEST_STEP][PASSED] - navigateToUrl("https://demoqa.com/"): Navigate to 'https://demoqa.com/' successfully

2023-05-29 12:39:53 - [MESSAGE][PASSED] - Navigate to 'https://demoqa.com/' successfully

2023-05-29 12:39:53 - [TEST_STEP][PASSED] - maximizeWindow(): Current window maximized

2023-05-29 12:39:53 - [MESSAGE][PASSED] - Current window maximized

2023-05-29 12:39:53 - [TEST_STEP][PASSED] - waitForPageLoad(30): Wait for page load successfully

2023-05-29 12:39:53 - [MESSAGE][PASSED] - Wait for page load successfully

2023-05-29 12:39:53 - [TEST_STEP][PASSED] - click(findTestObject("Object Repository/Page_DEMOQA/div_Elements")): Object: 'Object Repository/Page_DEMOQA/div_Elements' is clicked on

2023-05-29 12:39:54 - [MESSAGE][PASSED] - Object: 'Object Repository/Page_DEMOQA/div_Elements' is clicked on

2023-05-29 12:39:54 - [TEST_STEP][PASSED] - click(findTestObject("Object Repository/Page_DEMOQA/li_Text Box")): Object: 'Object Repository/Page_DEMOQA/li_Text Box' is clicked on

2023-05-29 12:39:55 - [MESSAGE][PASSED] - Object: 'Object Repository/Page_DEMOQA/li_Text Box' is clicked on

2023-05-29 12:39:55 - [TEST_STEP][PASSED] - setText(findTestObject("Object Repository/Page_DEMOQA/input_Full Name_userName"), fullName): Text 'Fabio Escudero' is set on object 'Object Repository/Page_DEMOQA/input_Full Name_userName'

2023-05-29 12:39:56 - [MESSAGE][PASSED] - Text 'Fabio Escudero' is set on object 'Object Repository/Page_DEMOQA/input_Full Name_userName'

2023-05-29 12:39:56 - [TEST_STEP][PASSED] - setText(findTestObject("Object Repository/Page_DEMOQA/input_Email_userEmail"), email): Text 'pruebademo3@gmail.com' is set on object 'Object Repository/Page_DEMOQA/input_Email_userEmail'

2023-05-29 12:39:57 - [MESSAGE][PASSED] - Text 'pruebademo3@gmail.com' is set on object 'Object Repository/Page_DEMOQA/input_Email_userEmail'

2023-05-29 12:39:57 - [TEST_STEP][PASSED] - setText(findTestObject("Object Repository/Page_DEMOQA/textarea_Current Address_currentAddress"), currentAddress): Text 'Alvear 30' is set on object 'Object Repository/Page_DEMOQA/textarea_Current Address_currentAddress'

2023-05-29 12:39:58 - [MESSAGE][PASSED] - Text 'Alvear 30' is set on object 'Object Repository/Page_DEMOQA/textarea_Current Address_currentAddress'

2023-05-29 12:39:58 - [TEST_STEP][PASSED] - setText(findTestObject("Object Repository/Page_DEMOQA/textarea_Permanent Address_permanentAddress"), permanentAddress): Text 'Alvear 30' is set on object 'Object Repository/Page_DEMOQA/textarea_Permanent Address_permanentAddress'

2023-05-29 12:39:59 - [MESSAGE][PASSED] - Text 'Alvear 30' is set on object 'Object Repository/Page_DEMOQA/textarea_Permanent Address_permanentAddress'

2023-05-29 12:39:59 - [TEST_STEP][PASSED] - scrollToElement(findTestObject("Page_DEMOQA/button_Submit"), 4): Scroll to object 'Object Repository/Page_DEMOQA/button_Submit' successfully

2023-05-29 12:39:59 - [MESSAGE][PASSED] - Scroll to object 'Object Repository/Page_DEMOQA/button_Submit' successfully

2023-05-29 12:39:59 - [TEST_STEP][PASSED] - click(findTestObject("Object Repository/Page_DEMOQA/button_Submit")): Object: 'Object Repository/Page_DEMOQA/button_Submit' is clicked on

2023-05-29 12:40:00 - [MESSAGE][PASSED] - Object: 'Object Repository/Page_DEMOQA/button_Submit' is clicked on

2023-05-29 12:40:00 - [TEST_STEP][PASSED] - closeBrowser(): Browser is closed

2023-05-29 12:40:00 - [MESSAGE][PASSED] - Browser is closed]]></system-out>
         <system-err><![CDATA[]]></system-err>
      </testcase>
      <system-out><![CDATA[2023-05-29 12:39:10 - [TEST_SUITE][PASSED] - TestSuiteArchivoExcel: Test Cases/CasoWebConArchivoCsv]]></system-out>
      <system-err><![CDATA[]]></system-err>
   </testsuite>
</testsuites>
