<?xml version="1.0" encoding="UTF-8"?>
<testsuites name="TestSuiteDiferentesTest" time="33.024" tests="2" failures="0" errors="0">
   <testsuite name="TestSuiteDiferentesTest" tests="2" failures="0" errors="0" time="33.024" skipped="0" timestamp="2023-05-31 09:43:48" hostname="admin - 192.168.0.8" id="Test Suites/TestSuiteDiferentesTest">
      <properties>
         <property name="deviceName"/>
         <property name="devicePlatform" value=""/>
         <property name="logFolder" value="C:\\Users\\admin\\git\\DemoPresentacion\\Reports\\20230531_094345\\TestSuiteDiferentesTest\\20230531_094345"/>
         <property name="logFiles" value="C:\\Users\\admin\\git\\DemoPresentacion\\Reports\\20230531_094345\\TestSuiteDiferentesTest\\20230531_094345\\execution0.log"/>
         <property name="attachments" value=""/>
         <property name="hostName" value="admin - 192.168.0.8"/>
         <property name="desiredCapabilities" value="{}"/>
         <property name="os" value="Windows 10 64bit"/>
         <property name="katalonVersion" value="8.6.0.208"/>
         <property name="browser" value="Chrome 113.0.0.0"/>
         <property name="hostAddress" value="192.168.0.8"/>
         <property name="sessionId" value="73cecaff57148987e61761a09f84f2c9"/>
         <property name="seleniumVersion" value="3.141.59"/>
         <property name="proxyInformation" value="ProxyInformation { proxyOption=NO_PROXY, proxyServerType=HTTP, username=, password=********, proxyServerAddress=, proxyServerPort=0, executionList=&quot;&quot;, isApplyToDesiredCapabilities=true }"/>
         <property name="platform" value="Windows 10"/>
      </properties>
      <testcase name="Test Cases/CasoDesktop/CasoDesktop" time="15.182" classname="Test Cases/CasoDesktop/CasoDesktop" status="PASSED">
         <system-out><![CDATA[2023-05-31 09:43:48 - [TEST_CASE][PASSED] - Test Cases/CasoDesktop/CasoDesktop: Test Cases/CasoDesktop/CasoDesktop

2023-05-31 09:43:49 - [TEST_STEP][PASSED] - startApplicationWithTitle("C:\Program Files\Windows NT\Accessories\wordpad.exe", "PruebaKatalon"): The application at location: C:\Program Files\Windows NT\Accessories\wordpad.exe started.

2023-05-31 09:43:49 - [MESSAGE][INFO] - Starting application C:\Program Files\Windows NT\Accessories\wordpad.exe on the local machine at address http://127.0.0.1:4723

2023-05-31 09:43:54 - [MESSAGE][PASSED] - The application at location: C:\Program Files\Windows NT\Accessories\wordpad.exe started.

2023-05-31 09:43:54 - [TEST_STEP][PASSED] - setText(findWindowsObject("Object Repository/CasoDesktop/Document"), "Prueba Katalon Desktop 31/07/2023"): Text Prueba Katalon Desktop 31/07/2023 is set

2023-05-31 09:43:57 - [MESSAGE][PASSED] - Text Prueba Katalon Desktop 31/07/2023 is set

2023-05-31 09:43:57 - [TEST_STEP][PASSED] - closeApplication(): Fire Close event sucessfully.

2023-05-31 09:44:03 - [MESSAGE][PASSED] - Fire Close event sucessfully.

2023-05-31 09:44:03 - [TEST_STEP][PASSED] - click(findWindowsObject("Object Repository/CasoDesktop/Button")): Click on element: Object Repository/CasoDesktop/Button succesfully

2023-05-31 09:44:03 - [MESSAGE][INFO] - Clicking on element: Object Repository/CasoDesktop/Button

2023-05-31 09:44:04 - [MESSAGE][PASSED] - Click on element: Object Repository/CasoDesktop/Button succesfully]]></system-out>
         <system-err><![CDATA[]]></system-err>
      </testcase>
      <testcase name="Test Cases/CasoConVariablesSinExcel/CasoWebConVariables" time="17.459" classname="Test Cases/CasoConVariablesSinExcel/CasoWebConVariables" status="PASSED">
         <system-out><![CDATA[2023-05-31 09:44:04 - [TEST_CASE][PASSED] - Test Cases/CasoConVariablesSinExcel/CasoWebConVariables: Test Cases/CasoConVariablesSinExcel/CasoWebConVariables

2023-05-31 09:44:04 - [TEST_STEP][PASSED] - openBrowser(""): Browser is opened with url: ''

2023-05-31 09:44:04 - [MESSAGE][INFO] - Starting 'Chrome' driver

2023-05-31 09:44:04 - [MESSAGE][INFO] - Action delay is set to 0 milliseconds

2023-05-31 09:44:06 - [MESSAGE][PASSED] - Browser is opened with url: ''

2023-05-31 09:44:06 - [TEST_STEP][PASSED] - navigateToUrl("https://demoqa.com/"): Navigate to 'https://demoqa.com/' successfully

2023-05-31 09:44:11 - [MESSAGE][PASSED] - Navigate to 'https://demoqa.com/' successfully

2023-05-31 09:44:11 - [TEST_STEP][PASSED] - maximizeWindow(): Current window maximized

2023-05-31 09:44:11 - [MESSAGE][PASSED] - Current window maximized

2023-05-31 09:44:11 - [TEST_STEP][PASSED] - waitForPageLoad(30): Wait for page load successfully

2023-05-31 09:44:12 - [MESSAGE][PASSED] - Wait for page load successfully

2023-05-31 09:44:12 - [TEST_STEP][PASSED] - click(findTestObject("Object Repository/Page_DEMOQA/div_Elements")): Object: 'Object Repository/Page_DEMOQA/div_Elements' is clicked on

2023-05-31 09:44:12 - [MESSAGE][PASSED] - Object: 'Object Repository/Page_DEMOQA/div_Elements' is clicked on

2023-05-31 09:44:12 - [TEST_STEP][PASSED] - click(findTestObject("Object Repository/Page_DEMOQA/li_Text Box")): Object: 'Object Repository/Page_DEMOQA/li_Text Box' is clicked on

2023-05-31 09:44:14 - [MESSAGE][PASSED] - Object: 'Object Repository/Page_DEMOQA/li_Text Box' is clicked on

2023-05-31 09:44:14 - [TEST_STEP][PASSED] - setText(findTestObject("Object Repository/Page_DEMOQA/input_Full Name_userName"), "Juan Cruz Mouhape"): Text 'Juan Cruz Mouhape' is set on object 'Object Repository/Page_DEMOQA/input_Full Name_userName'

2023-05-31 09:44:15 - [MESSAGE][PASSED] - Text 'Juan Cruz Mouhape' is set on object 'Object Repository/Page_DEMOQA/input_Full Name_userName'

2023-05-31 09:44:15 - [TEST_STEP][PASSED] - setText(findTestObject("Object Repository/Page_DEMOQA/input_Email_userEmail"), "pruebademo@gmail.com"): Text 'pruebademo@gmail.com' is set on object 'Object Repository/Page_DEMOQA/input_Email_userEmail'

2023-05-31 09:44:16 - [MESSAGE][PASSED] - Text 'pruebademo@gmail.com' is set on object 'Object Repository/Page_DEMOQA/input_Email_userEmail'

2023-05-31 09:44:16 - [TEST_STEP][PASSED] - setText(findTestObject("Object Repository/Page_DEMOQA/textarea_Current Address_currentAddress"), "Pasaje San Luis 252"): Text 'Pasaje San Luis 252' is set on object 'Object Repository/Page_DEMOQA/textarea_Current Address_currentAddress'

2023-05-31 09:44:17 - [MESSAGE][PASSED] - Text 'Pasaje San Luis 252' is set on object 'Object Repository/Page_DEMOQA/textarea_Current Address_currentAddress'

2023-05-31 09:44:17 - [TEST_STEP][PASSED] - setText(findTestObject("Object Repository/Page_DEMOQA/textarea_Permanent Address_permanentAddress"), "Pasaje San Luis 252"): Text 'Pasaje San Luis 252' is set on object 'Object Repository/Page_DEMOQA/textarea_Permanent Address_permanentAddress'

2023-05-31 09:44:18 - [MESSAGE][PASSED] - Text 'Pasaje San Luis 252' is set on object 'Object Repository/Page_DEMOQA/textarea_Permanent Address_permanentAddress'

2023-05-31 09:44:18 - [TEST_STEP][PASSED] - scrollToElement(findTestObject("Page_DEMOQA/button_Submit"), 4): Scroll to object 'Object Repository/Page_DEMOQA/button_Submit' successfully

2023-05-31 09:44:18 - [MESSAGE][PASSED] - Scroll to object 'Object Repository/Page_DEMOQA/button_Submit' successfully

2023-05-31 09:44:18 - [TEST_STEP][PASSED] - click(findTestObject("Object Repository/Page_DEMOQA/button_Submit")): Object: 'Object Repository/Page_DEMOQA/button_Submit' is clicked on

2023-05-31 09:44:19 - [MESSAGE][PASSED] - Object: 'Object Repository/Page_DEMOQA/button_Submit' is clicked on

2023-05-31 09:44:19 - [TEST_STEP][PASSED] - retornoFullName = getText(findTestObject("Object Repository/Page_DEMOQA/p_NameJuan Cruz Mouhape")): Text of object 'Object Repository/Page_DEMOQA/p_NameJuan Cruz Mouhape' is: 'Name:Juan Cruz Mouhape'

2023-05-31 09:44:19 - [MESSAGE][PASSED] - Text of object 'Object Repository/Page_DEMOQA/p_NameJuan Cruz Mouhape' is: 'Name:Juan Cruz Mouhape'

2023-05-31 09:44:19 - [TEST_STEP][PASSED] - fullNameLoad = retornoFullName.split(":"): null

2023-05-31 09:44:19 - [TEST_STEP][PASSED] - verifyMatch(fullName, fullNameLoad[1], false): Actual text 'Juan Cruz Mouhape' and expected text 'Juan Cruz Mouhape' are matched 

2023-05-31 09:44:19 - [MESSAGE][PASSED] - Actual text 'Juan Cruz Mouhape' and expected text 'Juan Cruz Mouhape' are matched 

2023-05-31 09:44:19 - [TEST_STEP][PASSED] - retornoEmail = getText(findTestObject("Object Repository/Page_DEMOQA/p_Emailpruebademogmail.com")): Text of object 'Object Repository/Page_DEMOQA/p_Emailpruebademogmail.com' is: 'Email:pruebademo@gmail.com'

2023-05-31 09:44:19 - [MESSAGE][PASSED] - Text of object 'Object Repository/Page_DEMOQA/p_Emailpruebademogmail.com' is: 'Email:pruebademo@gmail.com'

2023-05-31 09:44:19 - [TEST_STEP][PASSED] - emailLoad = retornoEmail.split(":"): null

2023-05-31 09:44:19 - [TEST_STEP][PASSED] - verifyMatch(email, emailLoad[1], false): Actual text 'pruebademo@gmail.com' and expected text 'pruebademo@gmail.com' are matched 

2023-05-31 09:44:19 - [MESSAGE][PASSED] - Actual text 'pruebademo@gmail.com' and expected text 'pruebademo@gmail.com' are matched 

2023-05-31 09:44:19 - [TEST_STEP][PASSED] - retornoAddress = getText(findTestObject("Object Repository/Page_DEMOQA/p_Current Address Pasaje San Luis 252")): Text of object 'Object Repository/Page_DEMOQA/p_Current Address Pasaje San Luis 252' is: 'Current Address :Pasaje San Luis 252'

2023-05-31 09:44:20 - [MESSAGE][PASSED] - Text of object 'Object Repository/Page_DEMOQA/p_Current Address Pasaje San Luis 252' is: 'Current Address :Pasaje San Luis 252'

2023-05-31 09:44:20 - [TEST_STEP][PASSED] - addressLoad = retornoAddress.split(":"): null

2023-05-31 09:44:20 - [TEST_STEP][PASSED] - verifyMatch(currentAddress, addressLoad[1], false): Actual text 'Pasaje San Luis 252' and expected text 'Pasaje San Luis 252' are matched 

2023-05-31 09:44:20 - [MESSAGE][PASSED] - Actual text 'Pasaje San Luis 252' and expected text 'Pasaje San Luis 252' are matched 

2023-05-31 09:44:20 - [TEST_STEP][PASSED] - retornoAddressPermanent = getText(findTestObject("Object Repository/Page_DEMOQA/p_Permananet Address Pasaje San Luis 252")): Text of object 'Object Repository/Page_DEMOQA/p_Permananet Address Pasaje San Luis 252' is: 'Permananet Address :Pasaje San Luis 252'

2023-05-31 09:44:20 - [MESSAGE][PASSED] - Text of object 'Object Repository/Page_DEMOQA/p_Permananet Address Pasaje San Luis 252' is: 'Permananet Address :Pasaje San Luis 252'

2023-05-31 09:44:20 - [TEST_STEP][PASSED] - addressPermanentLoad = retornoAddressPermanent.split(":"): null

2023-05-31 09:44:20 - [TEST_STEP][PASSED] - verifyMatch(permanentAddress, addressPermanentLoad[1], false): Actual text 'Pasaje San Luis 252' and expected text 'Pasaje San Luis 252' are matched 

2023-05-31 09:44:20 - [MESSAGE][PASSED] - Actual text 'Pasaje San Luis 252' and expected text 'Pasaje San Luis 252' are matched 

2023-05-31 09:44:20 - [TEST_STEP][PASSED] - closeBrowser(): Browser is closed

2023-05-31 09:44:21 - [MESSAGE][PASSED] - Browser is closed]]></system-out>
         <system-err><![CDATA[]]></system-err>
      </testcase>
      <system-out><![CDATA[2023-05-31 09:43:48 - [TEST_SUITE][PASSED] - TestSuiteDiferentesTest: Test Cases/CasoConVariablesSinExcel/CasoWebConVariables]]></system-out>
      <system-err><![CDATA[]]></system-err>
   </testsuite>
</testsuites>
